[2021-07-06 14:36] ---------------------- SHIFT START ----------------------
[2021-07-06 14:36] ---------------------- SHIFT START ----------------------
[2021-07-06 14:37] ---------------------- SHIFT START ----------------------
[2021-07-06 14:37] ---------------------- SHIFT START ----------------------
[2021-07-06 14:37] ---------------------- SHIFT START ----------------------
[2021-07-06 14:37] *-*-*-*-*-*-*-*-*-*-*-*-*-*-*-*-*-*-*-*-*-*-*-*-*-*-*-*-*
[2021-07-06 14:37] ---TITLE----- New Delivery!
[2021-07-06 14:37] ---TEXT------ New Order: Go to It's Just Wings
[2021-07-06 14:37] ---BEGIN BIGTEXT---
[2021-07-06 14:37] New Order: Go to It's Just Wings·1 item
[2021-07-06 14:37] Pick up (approx 0.82 mi)
[2021-07-06 14:37] 5150 E Broadway Blvd, Tucson, AZ 85711, USA
[2021-07-06 14:37] Drop off (approx 9.68 mi)
[2021-07-06 14:37] 9575 E Dunnigan Dr, Tucson, AZ 85747, USA
[2021-07-06 14:37] ---END BIGTEXT---
[2021-07-06 14:37] wtf2
[2021-07-06 14:38] OFFER              >>> $6.75
[2021-07-06 14:38] DURATION           >>> 29.7 mins
[2021-07-06 14:38] DISTANCE           >>> 13.9 miles
[2021-07-06 14:38] ESTIMATED INDEX    >>> 12.4
[2021-07-06 14:38] >>> DECLINED  
[2021-07-06 14:38] *-*-*-*-*-*-*-*-*-*-*-*-*-*-*-*-*-*-*-*-*-*-*-*-*-*-*-*-*
[2021-07-06 14:38] ---TITLE----- New Delivery!
[2021-07-06 14:38] ---TEXT------ New Order: Go to Pei Wei Asian Kitchen
[2021-07-06 14:38] ---BEGIN BIGTEXT---
[2021-07-06 14:38] New Order: Go to Pei Wei Asian Kitchen·2 items
[2021-07-06 14:38] Pick up (approx 0.69 mi)
[2021-07-06 14:38] 5285 E Broadway Blvd, Tucson, AZ 85711, USA
[2021-07-06 14:38] Drop off (approx 5.84 mi)
[2021-07-06 14:38] 9436 E Stella Rd, Tucson, AZ 85730, USA
[2021-07-06 14:38] ---END BIGTEXT---
[2021-07-06 14:38] wtf2
[2021-07-06 14:38] OFFER              >>> $6.25
[2021-07-06 14:38] DURATION           >>> 21.4 mins
[2021-07-06 14:38] DISTANCE           >>> 8.3 miles
[2021-07-06 14:38] ESTIMATED INDEX    >>> 15.4
[2021-07-06 14:38] >>> DECLINED  
[2021-07-06 14:39] *-*-*-*-*-*-*-*-*-*-*-*-*-*-*-*-*-*-*-*-*-*-*-*-*-*-*-*-*
[2021-07-06 14:39] ---TITLE----- New Delivery!
[2021-07-06 14:39] ---TEXT------ New Order: Go to El Pollo Loco
[2021-07-06 14:39] ---BEGIN BIGTEXT---
[2021-07-06 14:39] New Order: Go to El Pollo Loco·3 items
[2021-07-06 14:39] Pick up (approx 0.27 mi)
[2021-07-06 14:39] 5601 E Broadway Blvd, Tucson, AZ 85711, USA
[2021-07-06 14:39] Drop off (approx 4.49 mi)
[2021-07-06 14:39] 1933 N Fountain Park Dr, Tucson, AZ 85715, USA
[2021-07-06 14:39] ---END BIGTEXT---
[2021-07-06 14:39] wtf2
[2021-07-06 14:39] *-*-*-*-*-*-*-*-*-*-*-*-*-*-*-*-*-*-*-*-*-*-*-*-*-*-*-*-*
[2021-07-06 14:39] ---TITLE----- New Delivery!
[2021-07-06 14:39] ---TEXT------ New Order: Go to El Pollo Loco
[2021-07-06 14:39] ---BEGIN BIGTEXT---
[2021-07-06 14:39] New Order: Go to El Pollo Loco·3 items
[2021-07-06 14:39] Pick up (approx 0.27 mi)
[2021-07-06 14:39] 5601 E Broadway Blvd, Tucson, AZ 85711, USA
[2021-07-06 14:39] Drop off (approx 3.97 mi)
[2021-07-06 14:39] 910 N Camino Seco, Tucson, AZ 85710, USA
[2021-07-06 14:39] ---END BIGTEXT---
[2021-07-06 14:39] >>> ADD ON OFFER WAS MADE <<<
[2021-07-06 14:39] OFFER              >>> $6.25
[2021-07-06 14:39] DURATION           >>> 17.7 mins
[2021-07-06 14:39] DISTANCE           >>> 6.8 miles
[2021-07-06 14:39] ESTIMATED INDEX    >>> 18.1
[2021-07-06 14:39] >>> ACCEPTED
[2021-07-06 14:41] DRIVE TO STORE    >>> 1.8 mins
[2021-07-06 14:51] >>> UNASSIGNED  
[2021-07-06 14:52] WAIT AT STORE     >>> 10.7 mins
[2021-07-06 15:09] *-*-*-*-*-*-*-*-*-*-*-*-*-*-*-*-*-*-*-*-*-*-*-*-*-*-*-*-*
[2021-07-06 15:09] ---TITLE----- New Delivery!
[2021-07-06 15:09] ---TEXT------ New Order: Go to Panda Express
[2021-07-06 15:09] ---BEGIN BIGTEXT---
[2021-07-06 15:09] New Order: Go to Panda Express·3 items
[2021-07-06 15:09] Pick up (approx 1.00 mi)
[2021-07-06 15:09] 7111 E Tanque Verde Rd, Tucson, AZ 85715, USA
[2021-07-06 15:09] Drop off (approx 1.13 mi)
[2021-07-06 15:09] 1901 N Wilmot Rd, Tucson, AZ 85712, USA
[2021-07-06 15:09] ---END BIGTEXT---
[2021-07-06 15:09] wtf2
[2021-07-06 15:09] OFFER              >>> $3.00
[2021-07-06 15:09] DURATION           >>> 8.8 mins
[2021-07-06 15:09] DISTANCE           >>> 2.6 miles
[2021-07-06 15:09] ESTIMATED INDEX    >>> 15.3
[2021-07-06 15:09] >>> DECLINED  
[2021-07-06 15:22] *-*-*-*-*-*-*-*-*-*-*-*-*-*-*-*-*-*-*-*-*-*-*-*-*-*-*-*-*
[2021-07-06 15:22] ---TITLE----- New Delivery!
[2021-07-06 15:22] ---TEXT------ New Order: Go to Chick-fil-A®
[2021-07-06 15:22] ---BEGIN BIGTEXT---
[2021-07-06 15:22] New Order: Go to Chick-fil-A®·4 items
[2021-07-06 15:22] Pick up (approx 0.19 mi)
[2021-07-06 15:22] 6675 E Grant Rd, Tucson, AZ 85715, USA
[2021-07-06 15:22] Drop off (approx 3.99 mi)
[2021-07-06 15:22] 6850 E Golf Links Rd, Tucson, AZ 85730, USA
[2021-07-06 15:22] ---END BIGTEXT---
[2021-07-06 15:22] wtf2
[2021-07-06 15:22] OFFER              >>> $3.00
[2021-07-06 15:22] DURATION           >>> 20.5 mins
[2021-07-06 15:22] DISTANCE           >>> 5.4 miles
[2021-07-06 15:22] ESTIMATED INDEX    >>> 7.7
[2021-07-06 15:22] >>> ACCEPTED
[2021-07-06 15:24] DRIVE TO STORE    >>> 1.9 mins
[2021-07-06 15:25] WAIT AT STORE     >>> 1.0 mins
[2021-07-06 15:42] DRIVE TO CUSTOMER >>> 17.5 mins
[2021-07-06 15:42] ACTUAL DURATION   >>> 20.2 mins
[2021-07-06 15:42] BASE PAY          >>> $3.00
[2021-07-06 15:42] PEAK PAY          >>> $0.00
[2021-07-06 15:42] TIP               >>> $4.00
[2021-07-06 15:42] ACTUAL PAY        >>> $7.00
[2021-07-06 15:42] ACTUAL INDEX      >>> 20.8
[2021-07-06 15:42] >>> COMPLETE  
[2021-07-06 15:45] *-*-*-*-*-*-*-*-*-*-*-*-*-*-*-*-*-*-*-*-*-*-*-*-*-*-*-*-*
[2021-07-06 15:45] ---TITLE----- New Delivery!
[2021-07-06 15:45] ---TEXT------ New Order: Go to KFC
[2021-07-06 15:45] ---BEGIN BIGTEXT---
[2021-07-06 15:45] New Order: Go to KFC·2 items
[2021-07-06 15:45] Pick up (approx 0.19 mi)
[2021-07-06 15:45] 7245 E Golf Links Rd, Tucson, AZ 85730, USA
[2021-07-06 15:45] Drop off (approx 5.61 mi)
[2021-07-06 15:45] 7486 S Giachery Ave, Tucson, AZ 85747, USA
[2021-07-06 15:45] ---END BIGTEXT---
[2021-07-06 15:45] wtf2
[2021-07-06 15:45] OFFER              >>> $6.25
[2021-07-06 15:45] DURATION           >>> 12.6 mins
[2021-07-06 15:45] DISTANCE           >>> 7.2 miles
[2021-07-06 15:45] ESTIMATED INDEX    >>> 24.1
[2021-07-06 15:46] >>> DECLINED  
[2021-07-06 16:01] *-*-*-*-*-*-*-*-*-*-*-*-*-*-*-*-*-*-*-*-*-*-*-*-*-*-*-*-*
[2021-07-06 16:01] ---TITLE----- New Delivery!
[2021-07-06 16:01] ---TEXT------ New Order: Go to Chipotle
[2021-07-06 16:01] ---BEGIN BIGTEXT---
[2021-07-06 16:01] New Order: Go to Chipotle·2 items
[2021-07-06 16:01] Pick up (approx 0.49 mi)
[2021-07-06 16:01] 6501 E Grant Rd #Ste 141, Tucson, AZ 85715, US
[2021-07-06 16:01] Drop off (approx 0.84 mi)
[2021-07-06 16:01] 6985 E Cll Cavalier, Tucson, AZ 85715, USA
[2021-07-06 16:01] ---END BIGTEXT---
[2021-07-06 16:01] wtf2
[2021-07-06 16:01] OFFER              >>> $6.25
[2021-07-06 16:01] DURATION           >>> 13.2 mins
[2021-07-06 16:01] DISTANCE           >>> 2.4 miles
[2021-07-06 16:01] ESTIMATED INDEX    >>> 23.2
[2021-07-06 16:01] >>> DECLINED  
[2021-07-06 16:42] [Looking for Orders, Invite Friends, $12.50, this dash, Near Krispy Kreme, 0.6 miles, Busy hotspot zone, Near Walgreens, 2.2 miles, Busy hotspot zone, Hotspots will refresh in 6 mins]  
[2021-07-06 16:42] []  
[2021-07-06 16:42] []  
[2021-07-06 16:42] [Looking for Orders, Invite Friends, $12.50, this dash, Near Krispy Kreme, 0.6 miles, Busy hotspot zone, Near Walgreens, 2.2 miles, Busy hotspot zone, Hotspots will refresh in 5 mins]  
[2021-07-06 16:42] []  
[2021-07-06 16:42] []  
[2021-07-06 16:42] []  
[2021-07-06 16:43] []  
[2021-07-06 16:43] [Dash, Promos, You're dashing in AZ: Tucson Downtown since 2:37 PM. End Dash, You're dashing now., Return to dash]  
[2021-07-06 16:43] [Dash, Promos, You're dashing in AZ: Tucson Downtown since 2:37 PM. End Dash, AZ: Tucson Downtown, You're dashing now., Return to dash]  
[2021-07-06 16:43] []  
[2021-07-06 16:43] []  
[2021-07-06 16:43] [Looking for Orders, -, this dash]  
[2021-07-06 16:43] [Looking for Orders, -, this dash]  
[2021-07-06 16:43] [Looking for Orders, Invite Friends, -, this dash, Near Krispy Kreme, 0.6 miles, Busy hotspot zone, Near Walgreens, 2.2 miles, Busy hotspot zone, Hotspots will refresh in 4 mins]  
[2021-07-06 16:43] [Looking for Orders, Invite Friends, $12.50, this dash, Near Krispy Kreme, 0.6 miles, Busy hotspot zone, Near Walgreens, 2.2 miles, Busy hotspot zone, Hotspots will refresh in 4 mins]  
[2021-07-06 16:53] *-*-*-*-*-*-*-*-*-*-*-*-*-*-*-*-*-*-*-*-*-*-*-*-*-*-*-*-*
[2021-07-06 16:53] ---TITLE----- New Delivery!
[2021-07-06 16:53] ---TEXT------ New Order: Go to Jersey Mike's Subs
[2021-07-06 16:53] ---BEGIN BIGTEXT---
[2021-07-06 16:53] New Order: Go to Jersey Mike's Subs·2 items
[2021-07-06 16:53] Pick up (approx 0.10 mi)
[2021-07-06 16:53] 5720 E Broadway Blvd, Tucson, AZ 85711, USA
[2021-07-06 16:53] Drop off (approx 0.97 mi)
[2021-07-06 16:53] 5608 E 1st St, Tucson, AZ 85711, USA
[2021-07-06 16:53] ---END BIGTEXT---
[2021-07-06 16:53] OFFER              >>> $7.00
[2021-07-06 16:53] DURATION           >>> 6.2 mins
[2021-07-06 16:53] DISTANCE           >>> 1.6 miles
[2021-07-06 16:53] ESTIMATED INDEX    >>> 45.6
[2021-07-06 16:53] >>> ACCEPTED
[2021-07-06 16:57] DRIVE TO STORE    >>> 4.2 mins
[2021-07-06 17:05] WAIT AT STORE     >>> 8.3 mins
[2021-07-06 17:12] DRIVE TO CUSTOMER >>> 6.4 mins
[2021-07-06 17:12] ACTUAL DURATION   >>> 18.9 mins
[2021-07-06 17:12] BASE PAY          >>> $3.00
[2021-07-06 17:12] PEAK PAY          >>> $0.00
[2021-07-06 17:12] TIP               >>> $4.00
[2021-07-06 17:12] ACTUAL PAY        >>> $7.00
[2021-07-06 17:12] ACTUAL INDEX      >>> 22.2
[2021-07-06 17:12] >>> COMPLETE  
[2021-07-06 17:12] DRIVE TO CUSTOMER >>> 6.5 mins
[2021-07-06 17:12] ACTUAL DURATION   >>> 19.0 mins
[2021-07-06 17:12] BASE PAY          >>> $3.00
[2021-07-06 17:12] PEAK PAY          >>> $0.00
[2021-07-06 17:12] TIP               >>> $4.00
[2021-07-06 17:12] ACTUAL PAY        >>> $7.00
[2021-07-06 17:12] ACTUAL INDEX      >>> 22.1
[2021-07-06 17:12] >>> COMPLETE  
[2021-07-06 17:12] DRIVE TO CUSTOMER >>> 6.5 mins
[2021-07-06 17:12] ACTUAL DURATION   >>> 19.0 mins
[2021-07-06 17:12] BASE PAY          >>> $3.00
[2021-07-06 17:12] PEAK PAY          >>> $0.00
[2021-07-06 17:12] TIP               >>> $4.00
[2021-07-06 17:12] ACTUAL PAY        >>> $7.00
[2021-07-06 17:12] ACTUAL INDEX      >>> 22.1
[2021-07-06 17:12] >>> COMPLETE  
[2021-07-06 17:14] *-*-*-*-*-*-*-*-*-*-*-*-*-*-*-*-*-*-*-*-*-*-*-*-*-*-*-*-*
[2021-07-06 17:14] ---TITLE----- New Delivery!
[2021-07-06 17:14] ---TEXT------ New Order: Go to Wendy's
[2021-07-06 17:14] ---BEGIN BIGTEXT---
[2021-07-06 17:14] New Order: Go to Wendy's·3 items
[2021-07-06 17:14] Pick up (approx 0.55 mi)
[2021-07-06 17:14] 5391 E Speedway Blvd, Tucson, AZ 85712, USA
[2021-07-06 17:14] Drop off (approx 0.67 mi)
[2021-07-06 17:14] 5050 East 5th Street, Tucson, AZ 85711, USA
[2021-07-06 17:14] ---END BIGTEXT---
[2021-07-06 17:14] OFFER              >>> $3.00
[2021-07-06 17:14] DURATION           >>> 8.1 mins
[2021-07-06 17:14] DISTANCE           >>> 1.8 miles
[2021-07-06 17:14] ESTIMATED INDEX    >>> 16.2
[2021-07-06 17:14] >>> DECLINED  
[2021-07-06 17:18] *-*-*-*-*-*-*-*-*-*-*-*-*-*-*-*-*-*-*-*-*-*-*-*-*-*-*-*-*
[2021-07-06 17:18] ---TITLE----- New Delivery!
[2021-07-06 17:18] ---TEXT------ New Order: Go to MOD Pizza
[2021-07-06 17:18] ---BEGIN BIGTEXT---
[2021-07-06 17:18] New Order: Go to MOD Pizza·5 items
[2021-07-06 17:18] Pick up (approx 0.13 mi)
[2021-07-06 17:18] 6351 E Broadway Blvd, Tucson, AZ 85710, USA
[2021-07-06 17:18] Drop off (approx 4.83 mi)
[2021-07-06 17:18] 9971 E Denver Hill Dr, Tucson, AZ 85748, USA
[2021-07-06 17:18] ---END BIGTEXT---
[2021-07-06 17:18] OFFER              >>> $8.00
[2021-07-06 17:18] DURATION           >>> 15.1 mins
[2021-07-06 17:18] DISTANCE           >>> 6.3 miles
[2021-07-06 17:18] ESTIMATED INDEX    >>> 26.5
[2021-07-06 17:18] >>> ACCEPTED
[2021-07-06 17:20] DRIVE TO STORE    >>> 2.4 mins
[2021-07-06 17:28] WAIT AT STORE     >>> 7.7 mins
[2021-07-06 17:46] ---------------------- SHIFT START ----------------------
[2021-07-06 17:47] *-*-*-*-*-*-*-*-*-*-*-*-*-*-*-*-*-*-*-*-*-*-*-*-*-*-*-*-*
[2021-07-06 17:47] ---TITLE----- New Delivery!
[2021-07-06 17:47] ---TEXT------ New Order: Go to Five Guys
[2021-07-06 17:47] ---BEGIN BIGTEXT---
[2021-07-06 17:47] New Order: Go to Five Guys·3 items
[2021-07-06 17:47] Pick up (approx 1.00 mi)
[2021-07-06 17:47] 9484 E 22nd St #110, Tucson, AZ 85710, USA
[2021-07-06 17:47] Drop off (approx 2.16 mi)
[2021-07-06 17:47] 8030 E Lakeside Pkwy #1104, Tucson, AZ 85730, USA
[2021-07-06 17:47] ---END BIGTEXT---
[2021-07-06 17:47] >>> ADD ON OFFER WAS MADE <<<
[2021-07-06 17:47] >>> ACCEPTED
[2021-07-06 17:54] DRIVE TO STORE    >>> 6.7 mins
[2021-07-06 18:00] WAIT AT STORE     >>> 5.6 mins
[2021-07-06 18:22] *-*-*-*-*-*-*-*-*-*-*-*-*-*-*-*-*-*-*-*-*-*-*-*-*-*-*-*-*
[2021-07-06 18:22] ---TITLE----- New Delivery!
[2021-07-06 18:22] ---TEXT------ New Order: Go to Chick-fil-A®
[2021-07-06 18:22] ---BEGIN BIGTEXT---
[2021-07-06 18:22] New Order: Go to Chick-fil-A®·3 items
[2021-07-06 18:22] Pick up (approx 1.22 mi)
[2021-07-06 18:22] 6675 E Grant Rd, Tucson, AZ 85715, USA
[2021-07-06 18:22] Drop off (approx 2.03 mi)
[2021-07-06 18:22] 3510 N Craycroft Rd, Tucson, AZ 85718, USA
[2021-07-06 18:22] ---END BIGTEXT---
[2021-07-06 18:22] OFFER              >>> $4.50
[2021-07-06 18:22] DURATION           >>> 12.2 mins
[2021-07-06 18:22] DISTANCE           >>> 4.6 miles
[2021-07-06 18:22] ESTIMATED INDEX    >>> 17.7
[2021-07-06 18:22] >>> DECLINED  
[2021-07-06 18:29] *-*-*-*-*-*-*-*-*-*-*-*-*-*-*-*-*-*-*-*-*-*-*-*-*-*-*-*-*
[2021-07-06 18:29] ---TITLE----- New Delivery!
[2021-07-06 18:29] ---TEXT------ New Order: Go to Eegee's
[2021-07-06 18:29] ---BEGIN BIGTEXT---
[2021-07-06 18:29] New Order: Go to Eegee's·3 items
[2021-07-06 18:29] Pick up (approx 0.06 mi)
[2021-07-06 18:29] 7760 E Speedway Blvd, Tucson, AZ 85710, USA
[2021-07-06 18:29] Drop off (approx 2.73 mi)
[2021-07-06 18:29] 9130 E Loma Linda Pl, Tucson, AZ 85749, USA
[2021-07-06 18:29] ---END BIGTEXT---
[2021-07-06 18:30] OFFER              >>> $4.50
[2021-07-06 18:30] DURATION           >>> 10.9 mins
[2021-07-06 18:30] DISTANCE           >>> 3.9 miles
[2021-07-06 18:30] ESTIMATED INDEX    >>> 19.4
[2021-07-06 18:30] >>> DECLINED  
[2021-07-06 18:34] *-*-*-*-*-*-*-*-*-*-*-*-*-*-*-*-*-*-*-*-*-*-*-*-*-*-*-*-*
[2021-07-06 18:34] ---TITLE----- New Delivery!
[2021-07-06 18:34] ---TEXT------ New Order: Go to Jack in the Box
[2021-07-06 18:34] ---BEGIN BIGTEXT---
[2021-07-06 18:34] New Order: Go to Jack in the Box·2 items
[2021-07-06 18:34] Pick up (approx 0.14 mi)
[2021-07-06 18:34] 7910 E Speedway Blvd, Tucson, AZ 85710, USA
[2021-07-06 18:34] Drop off (approx 0.78 mi)
[2021-07-06 18:34] 207 N Maguire Ave, Tucson, AZ 85710, USA
[2021-07-06 18:34] ---END BIGTEXT---
[2021-07-06 18:34] OFFER              >>> $6.00
[2021-07-06 18:34] DURATION           >>> 7.0 mins
[2021-07-06 18:34] DISTANCE           >>> 1.5 miles
[2021-07-06 18:34] ESTIMATED INDEX    >>> 36.2
[2021-07-06 18:34] >>> ACCEPTED
[2021-07-06 18:36] DRIVE TO STORE    >>> 1.8 mins
[2021-07-06 18:45] WAIT AT STORE     >>> 8.7 mins
[2021-07-06 18:49] DRIVE TO CUSTOMER >>> 4.5 mins
[2021-07-06 18:49] ACTUAL DURATION   >>> 15.1 mins
[2021-07-06 18:49] BASE PAY          >>> $3.00
[2021-07-06 18:49] PEAK PAY          >>> $0.00
[2021-07-06 18:49] TIP               >>> $4.00
[2021-07-06 18:49] ACTUAL PAY        >>> $7.00
[2021-07-06 18:49] ACTUAL INDEX      >>> 27.9
[2021-07-06 18:49] >>> COMPLETE  
[2021-07-06 18:50] *-*-*-*-*-*-*-*-*-*-*-*-*-*-*-*-*-*-*-*-*-*-*-*-*-*-*-*-*
[2021-07-06 18:50] ---TITLE----- New Delivery!
[2021-07-06 18:50] ---TEXT------ New Order: Go to IHOP
[2021-07-06 18:50] ---BEGIN BIGTEXT---
[2021-07-06 18:50] New Order: Go to IHOP·4 items
[2021-07-06 18:50] Pick up (approx 0.21 mi)
[2021-07-06 18:50] 7945 E Broadway Blvd, Tucson, AZ 85710, USA
[2021-07-06 18:50] Drop off (approx 6.75 mi)
[2021-07-06 18:50] 4855 S Palo Verde Rd, Tucson, AZ 85714, USA
[2021-07-06 18:50] ---END BIGTEXT---
[2021-07-06 18:50] OFFER              >>> $4.00
[2021-07-06 18:50] DURATION           >>> 21.4 mins
[2021-07-06 18:50] DISTANCE           >>> 10.0 miles
[2021-07-06 18:50] ESTIMATED INDEX    >>> 9.9
[2021-07-06 18:50] >>> ACCEPTED
[2021-07-06 18:50] >>> UNASSIGNED  
[2021-07-06 18:53] *-*-*-*-*-*-*-*-*-*-*-*-*-*-*-*-*-*-*-*-*-*-*-*-*-*-*-*-*
[2021-07-06 18:53] ---TITLE----- New Delivery!
[2021-07-06 18:53] ---TEXT------ New Order: Go to Wingstop
[2021-07-06 18:53] ---BEGIN BIGTEXT---
[2021-07-06 18:53] New Order: Go to Wingstop·1 item
[2021-07-06 18:53] Pick up (approx 0.09 mi)
[2021-07-06 18:53] 7942 E Broadway Blvd, Tucson, AZ 85710, USA
[2021-07-06 18:53] Drop off (approx 2.79 mi)
[2021-07-06 18:53] 7709 E Hartwick Ct, Tucson, AZ 85715, USA
[2021-07-06 18:53] ---END BIGTEXT---
[2021-07-06 18:53] OFFER              >>> $3.00
[2021-07-06 18:53] DURATION           >>> 13.5 mins
[2021-07-06 18:53] DISTANCE           >>> 4.2 miles
[2021-07-06 18:53] ESTIMATED INDEX    >>> 10.9
[2021-07-06 18:53] >>> DECLINED  
[2021-07-06 18:59] *-*-*-*-*-*-*-*-*-*-*-*-*-*-*-*-*-*-*-*-*-*-*-*-*-*-*-*-*
[2021-07-06 18:59] ---TITLE----- New Delivery!
[2021-07-06 18:59] ---TEXT------ New Order: Go to Chick-fil-A®
[2021-07-06 18:59] ---BEGIN BIGTEXT---
[2021-07-06 18:59] New Order: Go to Chick-fil-A®·3 items
[2021-07-06 18:59] Pick up (approx 0.07 mi)
[2021-07-06 18:59] 6675 E Grant Rd, Tucson, AZ 85715, USA
[2021-07-06 18:59] Drop off (approx 0.90 mi)
[2021-07-06 18:59] 6477 E Speedway Blvd, Tucson, AZ 85710, USA
[2021-07-06 18:59] ---END BIGTEXT---
[2021-07-06 18:59] OFFER              >>> $3.00
[2021-07-06 18:59] DURATION           >>> 12.2 mins
[2021-07-06 18:59] DISTANCE           >>> 2.2 miles
[2021-07-06 18:59] ESTIMATED INDEX    >>> 11.8
[2021-07-06 19:00] >>> ACCEPTED
[2021-07-06 19:04] DRIVE TO STORE    >>> 4.2 mins
[2021-07-06 19:04] WAIT AT STORE     >>> 1.0 mins
[2021-07-06 19:13] DRIVE TO CUSTOMER >>> 8.9 mins
[2021-07-06 19:13] ACTUAL DURATION   >>> 13.6 mins
[2021-07-06 19:13] BASE PAY          >>> $3.00
[2021-07-06 19:13] PEAK PAY          >>> $0.00
[2021-07-06 19:13] TIP               >>> $3.00
[2021-07-06 19:13] ACTUAL PAY        >>> $6.00
[2021-07-06 19:13] ACTUAL INDEX      >>> 26.6
[2021-07-06 19:13] >>> COMPLETE  
[2021-07-06 19:14] *-*-*-*-*-*-*-*-*-*-*-*-*-*-*-*-*-*-*-*-*-*-*-*-*-*-*-*-*
[2021-07-06 19:14] ---TITLE----- New Delivery!
[2021-07-06 19:14] ---TEXT------ New Order: Go to Chick-fil-A®
[2021-07-06 19:14] ---BEGIN BIGTEXT---
[2021-07-06 19:14] New Order: Go to Chick-fil-A®·5 items
[2021-07-06 19:14] Pick up (approx 0.91 mi)
[2021-07-06 19:14] 6675 E Grant Rd, Tucson, AZ 85715, USA
[2021-07-06 19:14] Drop off (approx 3.68 mi)
[2021-07-06 19:14] 3838 E Presidio Rd, Tucson, AZ 85716, USA
[2021-07-06 19:14] ---END BIGTEXT---
[2021-07-06 19:14] OFFER              >>> $3.50
[2021-07-06 19:14] DURATION           >>> 16.4 mins
[2021-07-06 19:14] DISTANCE           >>> 5.9 miles
[2021-07-06 19:14] ESTIMATED INDEX    >>> 10.9
[2021-07-06 19:14] >>> DECLINED  
[2021-07-06 19:17] *-*-*-*-*-*-*-*-*-*-*-*-*-*-*-*-*-*-*-*-*-*-*-*-*-*-*-*-*
[2021-07-06 19:17] ---TITLE----- New Delivery!
[2021-07-06 19:17] ---TEXT------ New Order: Go to Chipotle
[2021-07-06 19:17] ---BEGIN BIGTEXT---
[2021-07-06 19:17] New Order: Go to Chipotle·3 items
[2021-07-06 19:17] Pick up (approx 0.22 mi)
[2021-07-06 19:17] 6501 E Grant Rd #141, Tucson, AZ 85715, USA
[2021-07-06 19:17] Drop off (approx 4.23 mi)
[2021-07-06 19:17] 5571 N White Cliffs Dr, Tucson, AZ 85750, USA
[2021-07-06 19:17] ---END BIGTEXT---
[2021-07-06 19:17] OFFER              >>> $3.50
[2021-07-06 19:17] DURATION           >>> 18.2 mins
[2021-07-06 19:17] DISTANCE           >>> 5.9 miles
[2021-07-06 19:17] ESTIMATED INDEX    >>> 9.9
[2021-07-06 19:17] >>> ACCEPTED
[2021-07-06 19:20] DRIVE TO STORE    >>> 2.3 mins
[2021-07-06 19:28] WAIT AT STORE     >>> 8.6 mins
[2021-07-06 19:38] DRIVE TO CUSTOMER >>> 10.0 mins
[2021-07-06 19:38] ACTUAL DURATION   >>> 20.9 mins
[2021-07-06 19:38] BASE PAY          >>> $3.00
[2021-07-06 19:38] PEAK PAY          >>> $0.00
[2021-07-06 19:38] TIP               >>> $4.00
[2021-07-06 19:38] ACTUAL PAY        >>> $7.00
[2021-07-06 19:38] ACTUAL INDEX      >>> 20.1
[2021-07-06 19:38] >>> COMPLETE  
[2021-07-06 19:46] *-*-*-*-*-*-*-*-*-*-*-*-*-*-*-*-*-*-*-*-*-*-*-*-*-*-*-*-*
[2021-07-06 19:46] ---TITLE----- New Delivery!
[2021-07-06 19:46] ---TEXT------ New Order: Go to Panda Express
[2021-07-06 19:46] ---BEGIN BIGTEXT---
[2021-07-06 19:46] New Order: Go to Panda Express·2 items
[2021-07-06 19:46] Pick up (approx 0.43 mi)
[2021-07-06 19:46] 7111 E Tanque Verde Rd, Tucson, AZ 85715, USA
[2021-07-06 19:46] Drop off (approx 1.82 mi)
[2021-07-06 19:46] 5849 E Bellevue St, Tucson, AZ 85712, USA
[2021-07-06 19:46] ---END BIGTEXT---
[2021-07-06 19:46] OFFER              >>> $6.00
[2021-07-06 19:46] DURATION           >>> 11.2 mins
[2021-07-06 19:46] DISTANCE           >>> 3.1 miles
[2021-07-06 19:46] ESTIMATED INDEX    >>> 25.4
[2021-07-06 19:46] >>> ACCEPTED
[2021-07-06 19:48] DRIVE TO STORE    >>> 2.0 mins
[2021-07-06 19:49] WAIT AT STORE     >>> 1.0 mins
[2021-07-06 19:56] DRIVE TO CUSTOMER >>> 7.3 mins
[2021-07-06 19:56] ACTUAL DURATION   >>> 10.2 mins
[2021-07-06 19:56] BASE PAY          >>> $3.00
[2021-07-06 19:56] PEAK PAY          >>> $0.00
[2021-07-06 19:56] TIP               >>> $3.00
[2021-07-06 19:56] ACTUAL PAY        >>> $6.00
[2021-07-06 19:56] ACTUAL INDEX      >>> 35.4
[2021-07-06 19:56] >>> COMPLETE  
[2021-07-06 19:57] *-*-*-*-*-*-*-*-*-*-*-*-*-*-*-*-*-*-*-*-*-*-*-*-*-*-*-*-*
[2021-07-06 19:57] ---TITLE----- New Delivery!
[2021-07-06 19:57] ---TEXT------ New Order: Go to Jewel's Noodle Kitchen
[2021-07-06 19:57] ---BEGIN BIGTEXT---
[2021-07-06 19:57] New Order: Go to Jewel's Noodle Kitchen·2 items
[2021-07-06 19:57] Pick up (approx 0.14 mi)
[2021-07-06 19:57] 5683 E Speedway Blvd, Tucson, AZ 85712, USA
[2021-07-06 19:57] Drop off (approx 5.36 mi)
[2021-07-06 19:57] 1000 E 22nd St, Tucson, AZ 85719, USA
[2021-07-06 19:57] ---END BIGTEXT---
[2021-07-06 19:57] OFFER              >>> $6.25
[2021-07-06 19:57] DURATION           >>> 13.5 mins
[2021-07-06 19:57] DISTANCE           >>> 7.1 miles
[2021-07-06 19:57] ESTIMATED INDEX    >>> 22.8
[2021-07-06 19:57] >>> DECLINED  
[2021-07-06 19:59] *-*-*-*-*-*-*-*-*-*-*-*-*-*-*-*-*-*-*-*-*-*-*-*-*-*-*-*-*
[2021-07-06 19:59] ---TITLE----- New Delivery!
[2021-07-06 19:59] ---TEXT------ New Order: Go to Mama's Hawaiian BBQ
[2021-07-06 19:59] ---BEGIN BIGTEXT---
[2021-07-06 19:59] New Order: Go to Mama's Hawaiian BBQ·1 item
[2021-07-06 19:59] Pick up (approx 0.49 mi)
[2021-07-06 19:59] 6310 E Tanque Verde Rd, Tucson, AZ 85715, USA
[2021-07-06 19:59] Drop off (approx 3.38 mi)
[2021-07-06 19:59] 4135 E 17th St, Tucson, AZ 85711, USA
[2021-07-06 19:59] ---END BIGTEXT---
[2021-07-06 19:59] OFFER              >>> $6.25
[2021-07-06 19:59] DURATION           >>> 13.2 mins
[2021-07-06 19:59] DISTANCE           >>> 5.5 miles
[2021-07-06 19:59] ESTIMATED INDEX    >>> 23.2
[2021-07-06 19:59] >>> ACCEPTED
[2021-07-06 20:02] DRIVE TO STORE    >>> 3.6 mins
[2021-07-06 20:06] WAIT AT STORE     >>> 3.3 mins
[2021-07-06 20:19] DRIVE TO CUSTOMER >>> 13.6 mins
[2021-07-06 20:19] ACTUAL DURATION   >>> 20.5 mins
[2021-07-06 20:19] BASE PAY          >>> $3.00
[2021-07-06 20:19] PEAK PAY          >>> $0.00
[2021-07-06 20:19] TIP               >>> $4.00
[2021-07-06 20:19] ACTUAL PAY        >>> $7.00
[2021-07-06 20:19] ACTUAL INDEX      >>> 20.5
[2021-07-06 20:19] >>> COMPLETE  
[2021-07-06 20:20] *-*-*-*-*-*-*-*-*-*-*-*-*-*-*-*-*-*-*-*-*-*-*-*-*-*-*-*-*
[2021-07-06 20:20] ---TITLE----- New Delivery!
[2021-07-06 20:20] ---TEXT------ New Order: Go to Jack in the Box
[2021-07-06 20:20] ---BEGIN BIGTEXT---
[2021-07-06 20:20] New Order: Go to Jack in the Box·3 items
[2021-07-06 20:20] Pick up (approx 0.77 mi)
[2021-07-06 20:20] 4455 E Broadway Blvd, Tucson, AZ 85711, USA
[2021-07-06 20:20] Drop off (approx 0.79 mi)
[2021-07-06 20:20] 934 N Desert Ave, Tucson, AZ 85711, USA
[2021-07-06 20:20] ---END BIGTEXT---
[2021-07-06 20:20] OFFER              >>> $7.00
[2021-07-06 20:20] DURATION           >>> 8.9 mins
[2021-07-06 20:20] DISTANCE           >>> 2.0 miles
[2021-07-06 20:20] ESTIMATED INDEX    >>> 35.4
[2021-07-06 20:20] >>> ACCEPTED
[2021-07-06 20:23] DRIVE TO STORE    >>> 2.8 mins
[2021-07-06 20:33] WAIT AT STORE     >>> 9.9 mins
[2021-07-06 20:37] DRIVE TO CUSTOMER >>> 4.5 mins
[2021-07-06 20:37] ACTUAL DURATION   >>> 17.1 mins
[2021-07-06 20:37] BASE PAY          >>> $3.00
[2021-07-06 20:37] PEAK PAY          >>> $0.00
[2021-07-06 20:37] TIP               >>> $5.00
[2021-07-06 20:37] ACTUAL PAY        >>> $8.00
[2021-07-06 20:37] ACTUAL INDEX      >>> 28.0
[2021-07-06 20:37] >>> COMPLETE  
[2021-07-06 20:42] *-*-*-*-*-*-*-*-*-*-*-*-*-*-*-*-*-*-*-*-*-*-*-*-*-*-*-*-*
[2021-07-06 20:42] ---TITLE----- New Delivery!
[2021-07-06 20:42] ---TEXT------ New Order: Go to MOD Pizza
[2021-07-06 20:42] ---BEGIN BIGTEXT---
[2021-07-06 20:42] New Order: Go to MOD Pizza·3 items
[2021-07-06 20:42] Pick up (approx 1.22 mi)
[2021-07-06 20:42] 6351 E Broadway Blvd #Suite 200, Tucson, AZ 85710, US
[2021-07-06 20:42] Drop off (approx 0.74 mi)
[2021-07-06 20:42] 6781 E 4th St, Tucson, AZ 85710, USA
[2021-07-06 20:42] ---END BIGTEXT---
[2021-07-06 20:42] *-*-*-*-*-*-*-*-*-*-*-*-*-*-*-*-*-*-*-*-*-*-*-*-*-*-*-*-*
[2021-07-06 20:42] ---TITLE----- New Delivery!
[2021-07-06 20:42] ---TEXT------ New Order: Go to MOD Pizza
[2021-07-06 20:42] ---BEGIN BIGTEXT---
[2021-07-06 20:42] New Order: Go to MOD Pizza·3 items
[2021-07-06 20:42] Pick up (approx 1.17 mi)
[2021-07-06 20:42] 6351 E Broadway Blvd, Tucson, AZ 85710, USA
[2021-07-06 20:42] Drop off (approx 1.39 mi)
[2021-07-06 20:42] 6551 E Dorado Blvd, Tucson, AZ 85715, USA
[2021-07-06 20:42] ---END BIGTEXT---
[2021-07-06 20:42] >>> ADD ON OFFER WAS MADE <<<
[2021-07-06 20:42] OFFER              >>> $7.00
[2021-07-06 20:42] DURATION           >>> 7.7 mins
[2021-07-06 20:42] DISTANCE           >>> 2.6 miles
[2021-07-06 20:42] ESTIMATED INDEX    >>> 39.1
[2021-07-06 20:42] >>> ACCEPTED
[2021-07-06 20:45] DRIVE TO STORE    >>> 3.5 mins
[2021-07-06 20:55] DRIVE TO STORE    >>> 13.1 mins
[2021-07-06 20:57] WAIT AT STORE     >>> 2.4 mins
[2021-07-06 20:57] WAIT AT STORE     >>> 2.4 mins
[2021-07-06 21:04] DRIVE TO CUSTOMER >>> 6.5 mins
[2021-07-06 21:04] ACTUAL DURATION   >>> 22.0 mins
[2021-07-06 21:04] BASE PAY          >>> $2.50
[2021-07-06 21:04] PEAK PAY          >>> $0.00
[2021-07-06 21:04] TIP               >>> $7.00
[2021-07-06 21:04] ACTUAL PAY        >>> $9.50
[2021-07-06 21:04] ACTUAL INDEX      >>> 25.9
[2021-07-06 21:04] >>> COMPLETE  
[2021-07-06 21:09] DRIVE TO CUSTOMER >>> 11.4 mins
[2021-07-06 21:09] ACTUAL DURATION   >>> 27.0 mins
[2021-07-06 21:09] BASE PAY          >>> $2.50
[2021-07-06 21:09] PEAK PAY          >>> $0.00
[2021-07-06 21:09] TIP               >>> $5.00
[2021-07-06 21:09] ACTUAL PAY        >>> $7.50
[2021-07-06 21:09] ACTUAL INDEX      >>> 16.7
[2021-07-06 21:09] >>> COMPLETE  
[2021-07-06 21:09] *-*-*-*-*-*-*-*-*-*-*-*-*-*-*-*-*-*-*-*-*-*-*-*-*-*-*-*-*
[2021-07-06 21:09] ---TITLE----- New Delivery!
[2021-07-06 21:09] ---TEXT------ New Order: Go to Chick-fil-A®
[2021-07-06 21:09] ---BEGIN BIGTEXT---
[2021-07-06 21:09] New Order: Go to Chick-fil-A®·3 items
[2021-07-06 21:09] Pick up (approx 0.60 mi)
[2021-07-06 21:09] 6675 E Grant Rd, Tucson, AZ 85715, USA
[2021-07-06 21:09] Drop off (approx 2.09 mi)
[2021-07-06 21:09] 8110 E Speedway Blvd, Tucson, AZ 85710, USA
[2021-07-06 21:09] ---END BIGTEXT---
[2021-07-06 21:09] OFFER              >>> $6.00
[2021-07-06 21:09] DURATION           >>> 16.4 mins
[2021-07-06 21:09] DISTANCE           >>> 4.8 miles
[2021-07-06 21:09] ESTIMATED INDEX    >>> 18.5
[2021-07-06 21:10] >>> DECLINED  
[2021-07-06 21:10] *-*-*-*-*-*-*-*-*-*-*-*-*-*-*-*-*-*-*-*-*-*-*-*-*-*-*-*-*
[2021-07-06 21:10] ---TITLE----- New Delivery!
[2021-07-06 21:10] ---TEXT------ New Order: Go to Applebee's Grill + Bar
[2021-07-06 21:10] ---BEGIN BIGTEXT---
[2021-07-06 21:10] New Order: Go to Applebee's Grill + Bar·1 item
[2021-07-06 21:10] Pick up (approx 1.38 mi)
[2021-07-06 21:10] 5860 E Broadway Blvd, Tucson, AZ 85711, USA
[2021-07-06 21:10] Drop off (approx 3.18 mi)
[2021-07-06 21:10] 2050 N Pantano Rd, Tucson, AZ 85715, USA
[2021-07-06 21:10] ---END BIGTEXT---
[2021-07-06 21:10] OFFER              >>> $6.00
[2021-07-06 21:10] DURATION           >>> 16.4 mins
[2021-07-06 21:10] DISTANCE           >>> 7.2 miles
[2021-07-06 21:10] ESTIMATED INDEX    >>> 18.6
[2021-07-06 21:11] >>> DECLINED  
[2021-07-06 21:19] *-*-*-*-*-*-*-*-*-*-*-*-*-*-*-*-*-*-*-*-*-*-*-*-*-*-*-*-*
[2021-07-06 21:19] ---TITLE----- New Delivery!
[2021-07-06 21:19] ---TEXT------ New Order: Go to Applebee's Grill + Bar
[2021-07-06 21:19] ---BEGIN BIGTEXT---
[2021-07-06 21:19] New Order: Go to Applebee's Grill + Bar·2 items
[2021-07-06 21:19] Pick up (approx 0.63 mi)
[2021-07-06 21:19] 5860 E Broadway Blvd, Tucson, AZ 85711, USA
[2021-07-06 21:19] Drop off (approx 2.30 mi)
[2021-07-06 21:19] 4366 E Sylvane St, Tucson, AZ 85711, USA
[2021-07-06 21:19] ---END BIGTEXT---
[2021-07-06 21:19] OFFER              >>> $5.25
[2021-07-06 21:19] DURATION           >>> 10.3 mins
[2021-07-06 21:19] DISTANCE           >>> 4.1 miles
[2021-07-06 21:19] ESTIMATED INDEX    >>> 23.8
[2021-07-06 21:20] >>> DECLINED  
[2021-07-06 21:20] *-*-*-*-*-*-*-*-*-*-*-*-*-*-*-*-*-*-*-*-*-*-*-*-*-*-*-*-*
[2021-07-06 21:20] ---TITLE----- New Delivery!
[2021-07-06 21:20] ---TEXT------ New Order: Go to Subway
[2021-07-06 21:20] ---BEGIN BIGTEXT---
[2021-07-06 21:20] New Order: Go to Subway·2 items
[2021-07-06 21:20] Pick up (approx 1.00 mi)
[2021-07-06 21:20] 5480 E Speedway Blvd, Tucson, AZ 85711, USA
[2021-07-06 21:20] Drop off (approx 4.49 mi)
[2021-07-06 21:20] 7425 E Serenity Ln, Tucson, AZ 85750, USA
[2021-07-06 21:20] ---END BIGTEXT---
[2021-07-06 21:20] OFFER              >>> $7.25
[2021-07-06 21:20] DURATION           >>> 18.1 mins
[2021-07-06 21:20] DISTANCE           >>> 7.9 miles
[2021-07-06 21:20] ESTIMATED INDEX    >>> 20.6
[2021-07-06 21:20] >>> DECLINED  
[2021-07-06 21:20] *-*-*-*-*-*-*-*-*-*-*-*-*-*-*-*-*-*-*-*-*-*-*-*-*-*-*-*-*
[2021-07-06 21:20] ---TITLE----- New Delivery!
[2021-07-06 21:20] ---TEXT------ New Order: Go to Wendy's
[2021-07-06 21:20] ---BEGIN BIGTEXT---
[2021-07-06 21:20] New Order: Go to Wendy's·3 items
[2021-07-06 21:20] Pick up (approx 1.18 mi)
[2021-07-06 21:20] 5391 E Speedway Blvd, Tucson, AZ 85712, USA
[2021-07-06 21:20] Drop off (approx 0.71 mi)
[2021-07-06 21:20] 5050 East 5th Street, Tucson, AZ 85711, USA
[2021-07-06 21:20] ---END BIGTEXT---
[2021-07-06 21:20] OFFER              >>> $5.00
[2021-07-06 21:20] DURATION           >>> 10.1 mins
[2021-07-06 21:20] DISTANCE           >>> 2.9 miles
[2021-07-06 21:20] ESTIMATED INDEX    >>> 23.0
[2021-07-06 21:21] >>> DECLINED  
[2021-07-06 21:22] *-*-*-*-*-*-*-*-*-*-*-*-*-*-*-*-*-*-*-*-*-*-*-*-*-*-*-*-*
[2021-07-06 21:22] ---TITLE----- New Delivery!
[2021-07-06 21:22] ---TEXT------ New Order: Go to 7-Eleven
[2021-07-06 21:22] ---BEGIN BIGTEXT---
[2021-07-06 21:22] New Order: Go to 7-Eleven·4 items
[2021-07-06 21:22] Pick up (approx 0.76 mi)
[2021-07-06 21:22] 7084 E Broadway Blvd, Tucson, AZ 85710, USA
[2021-07-06 21:22] Drop off (approx 6.75 mi)
[2021-07-06 21:22] 11362 E Holster Dr, Tucson, AZ 85749, USA
[2021-07-06 21:22] ---END BIGTEXT---
[2021-07-06 21:22] OFFER              >>> $7.50
[2021-07-06 21:22] DURATION           >>> 17.7 mins
[2021-07-06 21:22] DISTANCE           >>> 9.5 miles
[2021-07-06 21:22] ESTIMATED INDEX    >>> 21.8
[2021-07-06 21:23] >>> DECLINED  
[2021-07-06 21:25] --------------------- SHIFT SUMMARY ---------------------
[2021-07-06 21:25] SHIFT LENGTH      >>> 8765837711445.4 hours
[2021-07-06 21:25] OFFERS            >>> 19
[2021-07-06 21:25] ACCEPTED          >>> 8
[2021-07-06 21:25] DECLINED          >>> 11
[2021-07-06 21:25] UNASSIGNED        >>> 1
[2021-07-06 21:25] ----------------------- SHIFT END -----------------------
