[2021-07-05T14:45:00.000] TITLE New Delivery!
[2021-07-05T14:45:00.000] TITLE New Delivery!
[2021-07-05T14:45:00.000] Delicias de Michoacan
[2021-07-05T14:45:00.000] BEGIN BIGTEXT
[2021-07-05T14:45:00.000] New Order: Go to Delicias de Michoacan·3 items
[2021-07-05T14:45:00.000] Pick up (approx 1.62 mi)
[2021-07-05T14:45:00.000] 1608 S Craycroft Rd, Tucson, AZ 85711, USA
[2021-07-05T14:45:00.000] Drop off (approx 4.68 mi)
[2021-07-05T14:45:00.000] 5515 S Forgeus Ave, Tucson, AZ 85706, USA
[2021-07-05T14:45:00.000] END BIGTEXT
[2021-07-05T14:45:00.000] OFFER             >>> $7.25
[2021-07-05T14:45:00.000] DURATION          >>> 18.9 mins
[2021-07-05T14:45:00.000] DISTANCE          >>> 9.4 miles
[2021-07-05T14:45:00.000] ESTIMATED INDEX   >>> 19.8
[2021-07-05T14:45:00.000] >>> DECLINED  
[2021-07-05T14:46:00.000] xxxxxxxxxxxxxxxxxxxxxxxxxxxxxxxxxxxxx
[2021-07-05T14:46:00.000] TITLE New Delivery!
[2021-07-05T14:46:00.000] Brothers Noodles
[2021-07-05T14:46:00.000] BEGIN BIGTEXT
[2021-07-05T14:46:00.000] New Order: Go to Brothers Noodles·2 items
[2021-07-05T14:46:00.000] Pick up (approx 1.38 mi)
[2021-07-05T14:46:00.000] 5605 E Speedway Blvd, Tucson, AZ 85712, USA
[2021-07-05T14:46:00.000] Drop off (approx 4.71 mi)
[2021-07-05T14:46:00.000] 624 N Loquat Ave, Tucson, AZ 85710, USA
[2021-07-05T14:46:00.000] END BIGTEXT
[2021-07-05T14:46:00.000] OFFER             >>> $4.75
[2021-07-05T14:46:00.000] DURATION          >>> 19.9 mins
[2021-07-05T14:46:00.000] DISTANCE          >>> 7.8 miles
[2021-07-05T14:46:00.000] ESTIMATED INDEX   >>> 12.4
[2021-07-05T14:46:00.000] >>> DECLINED  
[2021-07-05T14:46:00.000] xxxxxxxxxxxxxxxxxxxxxxxxxxxxxxxxxxxxx
[2021-07-05T14:46:00.000] TITLE New Delivery!
[2021-07-05T14:46:00.000] Chipotle
[2021-07-05T14:46:00.000] BEGIN BIGTEXT
[2021-07-05T14:46:00.000] New Order: Go to Chipotle·1 item
[2021-07-05T14:46:00.000] Pick up (approx 0.30 mi)
[2021-07-05T14:46:00.000] 5870 E Broadway Blvd #3002, Tucson, AZ 85711, USA
[2021-07-05T14:46:00.000] Drop off (approx 0.42 mi)
[2021-07-05T14:46:00.000] 170 S Wilmot Rd, Tucson, AZ 85711, USA
[2021-07-05T14:46:00.000] END BIGTEXT
[2021-07-05T14:46:00.000] OFFER             >>> $6.00
[2021-07-05T14:46:00.000] DURATION          >>> 5.0 mins
[2021-07-05T14:46:00.000] DISTANCE          >>> 1.1 miles
[2021-07-05T14:46:00.000] ESTIMATED INDEX   >>> 45.2
[2021-07-05T14:46:00.000] >>> ACCEPTED
[2021-07-05T14:48:00.000] DRIVE TO STORE    >>> 1.5 mins
[2021-07-05T14:49:00.000] xxxxxxxxxxxxxxxxxxxxxxxxxxxxxxxxxxxxx
[2021-07-05T14:49:00.000] TITLE New Delivery!
[2021-07-05T14:49:00.000] Chipotle
[2021-07-05T14:49:00.000] BEGIN BIGTEXT
[2021-07-05T14:49:00.000] New Order: Go to Chipotle·2 items
[2021-07-05T14:49:00.000] Pick up (approx 0.15 mi)
[2021-07-05T14:49:00.000] 5870 E Broadway Blvd #3002, Tucson, AZ 85711, USA
[2021-07-05T14:49:00.000] Drop off (approx 1.59 mi)
[2021-07-05T14:49:00.000] 4655 E 14th St, Tucson, AZ 85711, USA
[2021-07-05T14:49:00.000] END BIGTEXT
[2021-07-05T14:49:00.000] OFFER             >>> $6.00
[2021-07-05T14:49:00.000] DURATION          >>> 8.3 mins
[2021-07-05T14:49:00.000] DISTANCE          >>> 2.3 miles
[2021-07-05T14:49:00.000] ESTIMATED INDEX   >>> 31.9
[2021-07-05T14:49:00.000] >>> DECLINED  
[2021-07-05T14:55:00.000] xxxxxxxxxxxxxxxxxxxxxxxxxxxxxxxxxxxxx
[2021-07-05T14:55:00.000] TITLE New Delivery!
[2021-07-05T14:55:00.000] Beyond Bread
[2021-07-05T14:55:00.000] BEGIN BIGTEXT
[2021-07-05T14:55:00.000] New Order: Go to Beyond Bread·2 items
[2021-07-05T14:55:00.000] Pick up (approx 1.11 mi)
[2021-07-05T14:55:00.000] 6260 E Speedway Blvd, Tucson, AZ 85712, USA
[2021-07-05T14:55:00.000] Drop off (approx 2.31 mi)
[2021-07-05T14:55:00.000] 5658 E 25th St, Tucson, AZ 85711, USA
[2021-07-05T14:55:00.000] END BIGTEXT
[2021-07-05T14:55:00.000] OFFER             >>> $7.00
[2021-07-05T14:55:00.000] DURATION          >>> 13.3 mins
[2021-07-05T14:55:00.000] DISTANCE          >>> 4.6 miles
[2021-07-05T14:55:00.000] ESTIMATED INDEX   >>> 25.8
[2021-07-05T14:55:00.000] >>> ACCEPTED
[2021-07-05T15:01:00.000] DRIVE TO STORE    >>> 5.8 mins
[2021-07-05T15:02:00.000] WAIT AT STORE     >>> 1.6 mins
[2021-07-05T15:09:00.000] xxxxxxxxxxxxxxxxxxxxxxxxxxxxxxxxxxxxx
[2021-07-05T15:09:00.000] TITLE New Delivery!
[2021-07-05T15:09:00.000] Great Wall China
[2021-07-05T15:09:00.000] BEGIN BIGTEXT
[2021-07-05T15:09:00.000] New Order: Go to Great Wall China·1 item
[2021-07-05T15:09:00.000] Pick up (approx 0.77 mi)
[2021-07-05T15:09:00.000] 2445 S Craycroft Rd, Tucson, AZ 85711, USA
[2021-07-05T15:09:00.000] Drop off (approx 5.31 mi)
[2021-07-05T15:09:00.000] 1041 E Park Estates Cir, Tucson, AZ 85706, USA
[2021-07-05T15:09:00.000] END BIGTEXT
[2021-07-05T15:09:00.000] OFFER             >>> $7.00
[2021-07-05T15:09:00.000] DURATION          >>> 18.0 mins
[2021-07-05T15:09:00.000] DISTANCE          >>> 8.5 miles
[2021-07-05T15:09:00.000] ESTIMATED INDEX   >>> 20.0
[2021-07-05T15:09:00.000] >>> DECLINED  
[2021-07-05T15:11:00.000] xxxxxxxxxxxxxxxxxxxxxxxxxxxxxxxxxxxxx
[2021-07-05T15:11:00.000] TITLE New Delivery!
[2021-07-05T15:11:00.000] Great Wall China
[2021-07-05T15:11:00.000] BEGIN BIGTEXT
[2021-07-05T15:11:00.000] New Order: Go to Great Wall China·8 items
[2021-07-05T15:11:00.000] Pick up (approx 0.69 mi)
[2021-07-05T15:11:00.000] 2445 S Craycroft Rd, Tucson, AZ 85711, USA
[2021-07-05T15:11:00.000] Drop off (approx 4.39 mi)
[2021-07-05T15:11:00.000] 6682 S Van Buren Ave, Tucson, AZ 85756, USA
[2021-07-05T15:11:00.000] END BIGTEXT
[2021-07-05T15:11:00.000] OFFER             >>> $4.25
[2021-07-05T15:11:00.000] DURATION          >>> 17.3 mins
[2021-07-05T15:11:00.000] DISTANCE          >>> 9.1 miles
[2021-07-05T15:11:00.000] ESTIMATED INDEX   >>> 12.6
[2021-07-05T15:11:00.000] >>> DECLINED  
[2021-07-05T15:11:00.000] xxxxxxxxxxxxxxxxxxxxxxxxxxxxxxxxxxxxx
[2021-07-05T15:11:00.000] TITLE New Delivery!
[2021-07-05T15:11:00.000] Chipotle
[2021-07-05T15:11:00.000] BEGIN BIGTEXT
[2021-07-05T15:11:00.000] New Order: Go to Chipotle·2 items
[2021-07-05T15:11:00.000] Pick up (approx 1.08 mi)
[2021-07-05T15:11:00.000] 5870 E Broadway Blvd #3002, Tucson, AZ 85711, USA
[2021-07-05T15:11:00.000] Drop off (approx 1.85 mi)
[2021-07-05T15:11:00.000] 4874 E 28th St, Tucson, AZ 85711, USA
[2021-07-05T15:11:00.000] END BIGTEXT
[2021-07-05T15:11:00.000] OFFER             >>> $6.25
[2021-07-05T15:11:00.000] DURATION          >>> 14.0 mins
[2021-07-05T15:11:00.000] DISTANCE          >>> 5.6 miles
[2021-07-05T15:11:00.000] ESTIMATED INDEX   >>> 22.0
[2021-07-05T15:11:00.000] >>> ACCEPTED
[2021-07-05T15:16:00.000] DRIVE TO STORE    >>> 5.2 mins
[2021-07-05T15:16:00.000] WAIT AT STORE     >>> 1.0 mins
[2021-07-05T15:23:00.000] xxxxxxxxxxxxxxxxxxxxxxxxxxxxxxxxxxxxx
[2021-07-05T15:23:00.000] TITLE New Delivery!
[2021-07-05T15:23:00.000] The Meltdown
[2021-07-05T15:23:00.000] BEGIN BIGTEXT
[2021-07-05T15:23:00.000] New Order: Go to The Meltdown·2 items
[2021-07-05T15:23:00.000] Pick up (approx 1.19 mi)
[2021-07-05T15:23:00.000] 4040 E 22nd St, Tucson, AZ 85711, USA
[2021-07-05T15:23:00.000] Drop off (approx 2.27 mi)
[2021-07-05T15:23:00.000] 2019 E 36th St, Tucson, AZ 85713, USA
[2021-07-05T15:23:00.000] END BIGTEXT
[2021-07-05T15:23:00.000] OFFER             >>> $6.25
[2021-07-05T15:23:00.000] DURATION          >>> 12.9 mins
[2021-07-05T15:23:00.000] DISTANCE          >>> 4.9 miles
[2021-07-05T15:23:00.000] ESTIMATED INDEX   >>> 23.6
[2021-07-05T15:23:00.000] >>> DECLINED  
[2021-07-05T15:27:00.000] xxxxxxxxxxxxxxxxxxxxxxxxxxxxxxxxxxxxx
[2021-07-05T15:27:00.000] TITLE New Delivery!
[2021-07-05T15:27:00.000] BJ's Restaurant & Brewhouse
[2021-07-05T15:27:00.000] BEGIN BIGTEXT
[2021-07-05T15:27:00.000] New Order: Go to BJ's Restaurant & Brewhouse·1 item
[2021-07-05T15:27:00.000] Pick up (approx 1.42 mi)
[2021-07-05T15:27:00.000] 5510 East Broadway Blvd., Tucson, AZ 85711
[2021-07-05T15:27:00.000] Drop off (approx 3.18 mi)
[2021-07-05T15:27:00.000] 3015 E 4th St, Tucson, AZ 85716, USA
[2021-07-05T15:27:00.000] END BIGTEXT
[2021-07-05T15:27:00.000] OFFER             >>> $6.00
[2021-07-05T15:27:00.000] DURATION          >>> 12.7 mins
[2021-07-05T15:27:00.000] DISTANCE          >>> 5.4 miles
[2021-07-05T15:27:00.000] ESTIMATED INDEX   >>> 23.0
[2021-07-05T15:28:00.000] >>> ACCEPTED
[2021-07-05T15:31:00.000] DRIVE TO STORE    >>> 3.4 mins
[2021-07-05T15:32:00.000] WAIT AT STORE     >>> 1.4 mins
[2021-07-05T15:43:00.000] DRIVE TO CUSTOMER >>> 10.5 mins
[2021-07-05T15:43:00.000] ACTUAL DURATION   >>> 15.3 mins
[2021-07-05T15:43:00.000] BASE PAY          >>> $3.00
[2021-07-05T15:43:00.000] PEAK PAY          >>> $0.00
[2021-07-05T15:43:00.000] TIP               >>> $3.00
[2021-07-05T15:43:00.000] ACTUAL PAY        >>> $6.00
[2021-07-05T15:43:00.000] ACTUAL INDEX      >>> 23.6
[2021-07-05T15:43:00.000] >>> COMPLETE  
[2021-07-05T15:45:00.000] xxxxxxxxxxxxxxxxxxxxxxxxxxxxxxxxxxxxx
[2021-07-05T15:45:00.000] TITLE New Delivery!
[2021-07-05T15:45:00.000] Walgreens
[2021-07-05T15:45:00.000] BEGIN BIGTEXT
[2021-07-05T15:45:00.000] New Order: Go to Walgreens·4 items·RED CARD ORDER
[2021-07-05T15:45:00.000] Pick up (approx 2.09 mi)
[2021-07-05T15:45:00.000] 4700 E Broadway Blvd, Tucson, AZ 85711, USA
[2021-07-05T15:45:00.000] Drop off (approx 0.50 mi)
[2021-07-05T15:45:00.000] 5043 E Cecelia St, Tucson, AZ 85711, USA
[2021-07-05T15:45:00.000] END BIGTEXT
[2021-07-05T15:45:00.000] OFFER             >>> $7.50
[2021-07-05T15:45:00.000] DURATION          >>> 8.0 mins
[2021-07-05T15:45:00.000] DISTANCE          >>> 3.2 miles
[2021-07-05T15:45:00.000] ESTIMATED INDEX   >>> 41.1
[2021-07-05T15:45:00.000] >>> DECLINED  
[2021-07-05T15:48:00.000] >>> PAUSED
[2021-07-05T15:56:00.000] >>> RESUMED
[2021-07-05T15:56:00.000] xxxxxxxxxxxxxxxxxxxxxxxxxxxxxxxxxxxxx
[2021-07-05T15:56:00.000] TITLE New Delivery!
[2021-07-05T15:56:00.000] Smashburger
[2021-07-05T15:56:00.000] BEGIN BIGTEXT
[2021-07-05T15:56:00.000] New Order: Go to Smashburger·2 items
[2021-07-05T15:56:00.000] Pick up (approx 0.56 mi)
[2021-07-05T15:56:00.000] 3837 E Broadway Blvd, Tucson, AZ 85716, USA
[2021-07-05T15:56:00.000] Drop off (approx 3.06 mi)
[2021-07-05T15:56:00.000] 2619 N Martin Ave, Tucson, AZ 85719, USA
[2021-07-05T15:56:00.000] END BIGTEXT
[2021-07-05T15:57:00.000] OFFER             >>> $5.00
[2021-07-05T15:57:00.000] DURATION          >>> 15.8 mins
[2021-07-05T15:57:00.000] DISTANCE          >>> 5.2 miles
[2021-07-05T15:57:00.000] ESTIMATED INDEX   >>> 16.0
[2021-07-05T15:57:00.000] >>> DECLINED  
[2021-07-05T15:57:00.000] xxxxxxxxxxxxxxxxxxxxxxxxxxxxxxxxxxxxx
[2021-07-05T15:57:00.000] TITLE New Delivery!
[2021-07-05T15:57:00.000] Riliberto's Fresh Mexican Food
[2021-07-05T15:57:00.000] BEGIN BIGTEXT
[2021-07-05T15:57:00.000] New Order: Go to Riliberto's Fresh Mexican Food·3 items
[2021-07-05T15:57:00.000] Pick up (approx 1.45 mi)
[2021-07-05T15:57:00.000] 4352 E Speedway Blvd, Tucson, AZ 85712, USA
[2021-07-05T15:57:00.000] Drop off (approx 5.38 mi)
[2021-07-05T15:57:00.000] 333 W Roger Rd, Tucson, AZ 85705, USA
[2021-07-05T15:57:00.000] END BIGTEXT
[2021-07-05T15:57:00.000] OFFER             >>> $4.00
[2021-07-05T15:57:00.000] DURATION          >>> 23.6 mins
[2021-07-05T15:57:00.000] DISTANCE          >>> 10.0 miles
[2021-07-05T15:57:00.000] ESTIMATED INDEX   >>> 9.0
[2021-07-05T15:57:00.000] >>> DECLINED  
[2021-07-05T15:58:00.000] xxxxxxxxxxxxxxxxxxxxxxxxxxxxxxxxxxxxx
[2021-07-05T15:58:00.000] TITLE New Delivery!
[2021-07-05T15:58:00.000] Chili's Grill & Bar
[2021-07-05T15:58:00.000] BEGIN BIGTEXT
[2021-07-05T15:58:00.000] New Order: Go to Chili's Grill & Bar·4 items
[2021-07-05T15:58:00.000] Pick up (approx 2.12 mi)
[2021-07-05T15:58:00.000] 5150 E Broadway Blvd, Tucson, AZ 85711, USA
[2021-07-05T15:58:00.000] Drop off (approx 2.51 mi)
[2021-07-05T15:58:00.000] 4157 E Los Robles St, Tucson, AZ 85712, USA
[2021-07-05T15:58:00.000] END BIGTEXT
[2021-07-05T15:58:00.000] xxxxxxxxxxxxxxxxxxxxxxxxxxxxxxxxxxxxx
[2021-07-05T15:58:00.000] TITLE New Delivery!
[2021-07-05T15:58:00.000] Chili's Grill & Bar
[2021-07-05T15:58:00.000] BEGIN BIGTEXT
[2021-07-05T15:58:00.000] New Order: Go to Chili's Grill & Bar·2 items
[2021-07-05T15:58:00.000] Pick up (approx 2.12 mi)
[2021-07-05T15:58:00.000] 5150 E Broadway Blvd, Tucson, AZ 85711, USA
[2021-07-05T15:58:00.000] Drop off (approx 6.24 mi)
[2021-07-05T15:58:00.000] 850 E Wetmore Rd, Tucson, AZ 85719, USA
[2021-07-05T15:58:00.000] END BIGTEXT
[2021-07-05T15:58:00.000] OFFER             >>> $8.50
[2021-07-05T15:58:00.000] DURATION          >>> 15.4 mins
[2021-07-05T15:58:00.000] DISTANCE          >>> 5.8 miles
[2021-07-05T15:58:00.000] ESTIMATED INDEX   >>> 27.7
[2021-07-05T15:58:00.000] OFFER             >>> $8.50
[2021-07-05T15:58:00.000] DURATION          >>> 30.9 mins
[2021-07-05T15:58:00.000] DISTANCE          >>> 12.4 miles
[2021-07-05T15:58:00.000] ESTIMATED INDEX   >>> 15.0
[2021-07-05T15:58:00.000] >>> DECLINED  
[2021-07-05T16:00:00.000] xxxxxxxxxxxxxxxxxxxxxxxxxxxxxxxxxxxxx
[2021-07-05T16:00:00.000] TITLE New Delivery!
[2021-07-05T16:00:00.000] Sushi Garden
[2021-07-05T16:00:00.000] BEGIN BIGTEXT
[2021-07-05T16:00:00.000] New Order: Go to Sushi Garden·2 items
[2021-07-05T16:00:00.000] Pick up (approx 0.55 mi)
[2021-07-05T16:00:00.000] 3048 E Broadway Blvd, Tucson, AZ 85716, USA
[2021-07-05T16:00:00.000] Drop off (approx 7.89 mi)
[2021-07-05T16:00:00.000] 624 N Loquat Ave, Tucson, AZ 85710, USA
[2021-07-05T16:00:00.000] END BIGTEXT
[2021-07-05T16:00:00.000] OFFER             >>> $6.75
[2021-07-05T16:00:00.000] DURATION          >>> 20.2 mins
[2021-07-05T16:00:00.000] DISTANCE          >>> 9.4 miles
[2021-07-05T16:00:00.000] ESTIMATED INDEX   >>> 17.5
[2021-07-05T16:00:00.000] >>> ACCEPTED
[2021-07-05T16:02:00.000] DRIVE TO STORE    >>> 2.1 mins
[2021-07-05T16:04:00.000] WAIT AT STORE     >>> 2.0 mins
[2021-07-05T16:28:00.000] xxxxxxxxxxxxxxxxxxxxxxxxxxxxxxxxxxxxx
[2021-07-05T16:28:00.000] TITLE New Delivery!
[2021-07-05T16:28:00.000] McDonald's
[2021-07-05T16:28:00.000] BEGIN BIGTEXT
[2021-07-05T16:28:00.000] New Order: Go to McDonald's·3 items
[2021-07-05T16:28:00.000] Pick up (approx 0.34 mi)
[2021-07-05T16:28:00.000] 8800 E Broadway Blvd, Tucson, AZ 85710, USA
[2021-07-05T16:28:00.000] Drop off (approx 0.97 mi)
[2021-07-05T16:28:00.000] 8161 E Kenyon Dr, Tucson, AZ 85710, USA
[2021-07-05T16:28:00.000] END BIGTEXT
[2021-07-05T16:28:00.000] OFFER             >>> $7.00
[2021-07-05T16:28:00.000] DURATION          >>> 7.3 mins
[2021-07-05T16:28:00.000] DISTANCE          >>> 1.9 miles
[2021-07-05T16:28:00.000] ESTIMATED INDEX   >>> 40.8
[2021-07-05T16:28:00.000] >>> ACCEPTED
[2021-07-05T16:29:00.000] DRIVE TO STORE    >>> 1.0 mins
[2021-07-05T16:32:00.000] WAIT AT STORE     >>> 2.9 mins
[2021-07-05T16:37:00.000] DRIVE TO CUSTOMER >>> 5.2 mins
[2021-07-05T16:37:00.000] ACTUAL DURATION   >>> 9.1 mins
[2021-07-05T16:37:00.000] BASE PAY          >>> $3.00
[2021-07-05T16:37:00.000] PEAK PAY          >>> $0.00
[2021-07-05T16:37:00.000] TIP               >>> $5.00
[2021-07-05T16:37:00.000] ACTUAL PAY        >>> $8.00
[2021-07-05T16:37:00.000] ACTUAL INDEX      >>> 52.7
[2021-07-05T16:37:00.000] >>> COMPLETE  
[2021-07-05T16:43:00.000] xxxxxxxxxxxxxxxxxxxxxxxxxxxxxxxxxxxxx
[2021-07-05T16:43:00.000] TITLE New Delivery!
[2021-07-05T16:43:00.000] The Meltdown
[2021-07-05T16:43:00.000] BEGIN BIGTEXT
[2021-07-05T16:43:00.000] New Order: Go to The Meltdown·4 items
[2021-07-05T16:43:00.000] Pick up (approx 0.13 mi)
[2021-07-05T16:43:00.000] 6484 E Broadway Blvd, Tucson, AZ 85710, USA
[2021-07-05T16:43:00.000] Drop off (approx 5.55 mi)
[2021-07-05T16:43:00.000] 8067 E Shadow Canyon Rd, Tucson, AZ 85750, USA
[2021-07-05T16:43:00.000] END BIGTEXT
[2021-07-05T16:43:00.000] OFFER             >>> $7.00
[2021-07-05T16:43:00.000] DURATION          >>> 16.1 mins
[2021-07-05T16:43:00.000] DISTANCE          >>> 7.0 miles
[2021-07-05T16:43:00.000] ESTIMATED INDEX   >>> 22.0
[2021-07-05T16:43:00.000] >>> ACCEPTED
[2021-07-05T16:46:00.000] DRIVE TO STORE    >>> 2.9 mins
[2021-07-05T16:49:00.000] WAIT AT STORE     >>> 2.9 mins
[2021-07-05T17:06:00.000] DRIVE TO CUSTOMER >>> 17.3 mins
[2021-07-05T17:06:00.000] ACTUAL DURATION   >>> 23.1 mins
[2021-07-05T17:06:00.000] BASE PAY          >>> $3.25
[2021-07-05T17:06:00.000] PEAK PAY          >>> $0.00
[2021-07-05T17:06:00.000] TIP               >>> $7.00
[2021-07-05T17:06:00.000] ACTUAL PAY        >>> $10.25
[2021-07-05T17:06:00.000] ACTUAL INDEX      >>> 26.6
[2021-07-05T17:06:00.000] >>> COMPLETE  
[2021-07-05T17:19:00.000] xxxxxxxxxxxxxxxxxxxxxxxxxxxxxxxxxxxxx
[2021-07-05T17:19:00.000] TITLE New Delivery!
[2021-07-05T17:19:00.000] Freddy's Frozen Custard & Steakburgers
[2021-07-05T17:19:00.000] BEGIN BIGTEXT
[2021-07-05T17:19:00.000] New Order: Go to Freddy's Frozen Custard & Steakburgers·2 items
[2021-07-05T17:19:00.000] Pick up (approx 0.30 mi)
[2021-07-05T17:19:00.000] 7120 E Broadway Blvd, Tucson, AZ 85710, USA
[2021-07-05T17:19:00.000] Drop off (approx 1.32 mi)
[2021-07-05T17:19:00.000] 7502 E 27th St, Tucson, AZ 85710, USA
[2021-07-05T17:19:00.000] END BIGTEXT
[2021-07-05T17:19:00.000] OFFER             >>> $7.00
[2021-07-05T17:19:00.000] DURATION          >>> 7.2 mins
[2021-07-05T17:19:00.000] DISTANCE          >>> 2.0 miles
[2021-07-05T17:19:00.000] ESTIMATED INDEX   >>> 41.2
[2021-07-05T17:19:00.000] >>> ACCEPTED
[2021-07-05T17:22:00.000] DRIVE TO STORE    >>> 2.7 mins
[2021-07-05T17:27:00.000] xxxxxxxxxxxxxxxxxxxxxxxxxxxxxxxxxxxxx
[2021-07-05T17:27:00.000] TITLE New Delivery!
[2021-07-05T17:27:00.000] BrushFire BBQ
[2021-07-05T17:27:00.000] BEGIN BIGTEXT
[2021-07-05T17:27:00.000] New Order: Go to BrushFire BBQ·4 items
[2021-07-05T17:27:00.000] Pick up (approx 0.54 mi)
[2021-07-05T17:27:00.000] 7080 E 22nd St, Tucson, AZ 85710, USA
[2021-07-05T17:27:00.000] Drop off (approx 6.95 mi)
[2021-07-05T17:27:00.000] 7964 E Coronado Rd, Tucson, AZ 85750, USA
[2021-07-05T17:27:00.000] END BIGTEXT
[2021-07-05T17:27:00.000] OFFER             >>> $7.00
[2021-07-05T17:27:00.000] DURATION          >>> 19.9 mins
[2021-07-05T17:27:00.000] DISTANCE          >>> 9.0 miles
[2021-07-05T17:27:00.000] ESTIMATED INDEX   >>> 18.4
[2021-07-05T17:33:00.000] WAIT AT STORE     >>> 1.0 mins
[2021-07-05T17:56:00.000] xxxxxxxxxxxxxxxxxxxxxxxxxxxxxxxxxxxxx
[2021-07-05T17:56:00.000] TITLE New Delivery!
[2021-07-05T17:56:00.000] Filibertos Mexican Food
[2021-07-05T17:56:00.000] BEGIN BIGTEXT
[2021-07-05T17:56:00.000] New Order: Go to Filibertos Mexican Food·4 items
[2021-07-05T17:56:00.000] Pick up (approx 0.61 mi)
[2021-07-05T17:56:00.000] 7031 E Tanque Verde Rd, Tucson, AZ 85715, USA
[2021-07-05T17:56:00.000] Drop off (approx 5.28 mi)
[2021-07-05T17:56:00.000] 3642 S Santee Ave, Tucson, AZ 85730, USA
[2021-07-05T17:56:00.000] END BIGTEXT
[2021-07-05T17:56:00.000] OFFER             >>> $8.25
[2021-07-05T17:56:00.000] DURATION          >>> 18.0 mins
[2021-07-05T17:56:00.000] DISTANCE          >>> 8.1 miles
[2021-07-05T17:56:00.000] ESTIMATED INDEX   >>> 23.6
[2021-07-05T17:56:00.000] >>> ACCEPTED
[2021-07-05T17:57:00.000] DRIVE TO STORE    >>> 1.0 mins
[2021-07-05T18:02:00.000] WAIT AT STORE     >>> 5.1 mins
[2021-07-05T18:18:00.000] DRIVE TO CUSTOMER >>> 15.9 mins
[2021-07-05T18:18:00.000] ACTUAL DURATION   >>> 22.1 mins
[2021-07-05T18:18:00.000] BASE PAY          >>> $3.25
[2021-07-05T18:18:00.000] PEAK PAY          >>> $0.00
[2021-07-05T18:18:00.000] TIP               >>> $5.00
[2021-07-05T18:18:00.000] ACTUAL PAY        >>> $8.25
[2021-07-05T18:18:00.000] ACTUAL INDEX      >>> 22.4
[2021-07-05T18:18:00.000] >>> COMPLETE  
[2021-07-05T18:27:00.000] xxxxxxxxxxxxxxxxxxxxxxxxxxxxxxxxxxxxx
[2021-07-05T18:27:00.000] TITLE New Delivery!
[2021-07-05T18:27:00.000] Freddy's Frozen Custard & Steakburgers
[2021-07-05T18:27:00.000] BEGIN BIGTEXT
[2021-07-05T18:27:00.000] New Order: Go to Freddy's Frozen Custard & Steakburgers·2 items
[2021-07-05T18:27:00.000] Pick up (approx 1.06 mi)
[2021-07-05T18:27:00.000] 7120 E Broadway Blvd, Tucson, AZ 85710, USA
[2021-07-05T18:27:00.000] Drop off (approx 7.85 mi)
[2021-07-05T18:27:00.000] 5232 S Linnet Ave, Tucson, AZ 85706, USA
[2021-07-05T18:27:00.000] END BIGTEXT
[2021-07-05T18:27:00.000] OFFER             >>> $7.75
[2021-07-05T18:27:00.000] DURATION          >>> 27.9 mins
[2021-07-05T18:27:00.000] DISTANCE          >>> 12.3 miles
[2021-07-05T18:27:00.000] ESTIMATED INDEX   >>> 15.1
[2021-07-05T18:27:00.000] >>> DECLINED  
[2021-07-05T18:30:00.000] xxxxxxxxxxxxxxxxxxxxxxxxxxxxxxxxxxxxx
[2021-07-05T18:30:00.000] TITLE New Delivery!
[2021-07-05T18:30:00.000] Panera Bread
[2021-07-05T18:30:00.000] BEGIN BIGTEXT
[2021-07-05T18:30:00.000] New Order: Go to Panera Bread·4 items
[2021-07-05T18:30:00.000] Pick up (approx 1.19 mi)
[2021-07-05T18:30:00.000] 6129 E Broadway Blvd, Tucson, AZ 85711, USA
[2021-07-05T18:30:00.000] Drop off (approx 9.42 mi)
[2021-07-05T18:30:00.000] 10233 E Canyon Meadow Dr, Tucson, AZ 85747, USA
[2021-07-05T18:30:00.000] END BIGTEXT
[2021-07-05T18:30:00.000] OFFER             >>> $10.50
[2021-07-05T18:30:00.000] DURATION          >>> 27.9 mins
[2021-07-05T18:30:00.000] DISTANCE          >>> 13.7 miles
[2021-07-05T18:30:00.000] ESTIMATED INDEX   >>> 20.4
[2021-07-05T18:30:00.000] >>> DECLINED  
[2021-07-05T18:30:00.000] xxxxxxxxxxxxxxxxxxxxxxxxxxxxxxxxxxxxx
[2021-07-05T18:30:00.000] TITLE New Delivery!
[2021-07-05T18:30:00.000] Taco Bell
[2021-07-05T18:30:00.000] BEGIN BIGTEXT
[2021-07-05T18:30:00.000] New Order: Go to Taco Bell·8 items
[2021-07-05T18:30:00.000] Pick up (approx 2.04 mi)
[2021-07-05T18:30:00.000] 6616 E Grant Rd, Tucson, AZ 85715, USA
[2021-07-05T18:30:00.000] Drop off (approx 1.60 mi)
[2021-07-05T18:30:00.000] 1644 N Woodland Ave, Tucson, AZ 85712, USA
[2021-07-05T18:30:00.000] END BIGTEXT
[2021-07-05T18:30:00.000] OFFER             >>> $3.50
[2021-07-05T18:30:00.000] DURATION          >>> 12.2 mins
[2021-07-05T18:30:00.000] DISTANCE          >>> 4.5 miles
[2021-07-05T18:30:00.000] ESTIMATED INDEX   >>> 13.9
[2021-07-05T18:30:00.000] >>> DECLINED  
[2021-07-05T18:31:00.000] xxxxxxxxxxxxxxxxxxxxxxxxxxxxxxxxxxxxx
[2021-07-05T18:31:00.000] TITLE New Delivery!
[2021-07-05T18:31:00.000] Kneaders Bakery & Cafe
[2021-07-05T18:31:00.000] BEGIN BIGTEXT
[2021-07-05T18:31:00.000] New Order: Go to Kneaders Bakery & Cafe·6 items
[2021-07-05T18:31:00.000] Pick up (approx 0.99 mi)
[2021-07-05T18:31:00.000] 135 S Wilmot Rd, Tucson, AZ 85711, USA
[2021-07-05T18:31:00.000] Drop off (approx 1.21 mi)
[2021-07-05T18:31:00.000] 6078 E Bellevue St, Tucson, AZ 85712, USA
[2021-07-05T18:31:00.000] END BIGTEXT
[2021-07-05T18:31:00.000] OFFER             >>> $7.00
[2021-07-05T18:31:00.000] DURATION          >>> 10.2 mins
[2021-07-05T18:31:00.000] DISTANCE          >>> 3.0 miles
[2021-07-05T18:31:00.000] ESTIMATED INDEX   >>> 31.9
[2021-07-05T18:31:00.000] >>> ACCEPTED
[2021-07-05T18:33:00.000] DRIVE TO STORE    >>> 2.4 mins
[2021-07-05T18:42:00.000] WAIT AT STORE     >>> 8.5 mins
[2021-07-05T18:48:00.000] DRIVE TO CUSTOMER >>> 6.2 mins
[2021-07-05T18:48:00.000] ACTUAL DURATION   >>> 17.1 mins
[2021-07-05T18:48:00.000] BASE PAY          >>> $3.00
[2021-07-05T18:48:00.000] PEAK PAY          >>> $0.00
[2021-07-05T18:48:00.000] TIP               >>> $6.00
[2021-07-05T18:48:00.000] ACTUAL PAY        >>> $9.00
[2021-07-05T18:48:00.000] ACTUAL INDEX      >>> 31.5
[2021-07-05T18:48:00.000] >>> COMPLETE  
[2021-07-05T18:48:00.000] xxxxxxxxxxxxxxxxxxxxxxxxxxxxxxxxxxxxx
[2021-07-05T18:48:00.000] TITLE New Delivery!
[2021-07-05T18:48:00.000] Oregano’s
[2021-07-05T18:48:00.000] BEGIN BIGTEXT
[2021-07-05T18:48:00.000] New Order: Go to Oregano’s·2 items
[2021-07-05T18:48:00.000] Pick up (approx 1.42 mi)
[2021-07-05T18:48:00.000] 4900 E Speedway Blvd, Tucson, AZ 85711, USA
[2021-07-05T18:48:00.000] Drop off (approx 3.93 mi)
[2021-07-05T18:48:00.000] 2050 N Pantano Rd, Tucson, AZ 85715, USA
[2021-07-05T18:48:00.000] END BIGTEXT
[2021-07-05T18:48:00.000] xxxxxxxxxxxxxxxxxxxxxxxxxxxxxxxxxxxxx
[2021-07-05T18:48:00.000] TITLE New Delivery!
[2021-07-05T18:48:00.000] Oregano’s
[2021-07-05T18:48:00.000] BEGIN BIGTEXT
[2021-07-05T18:48:00.000] New Order: Go to Oregano’s·1 item
[2021-07-05T18:48:00.000] Pick up (approx 1.42 mi)
[2021-07-05T18:48:00.000] 4900 E Speedway Blvd, Tucson, AZ 85711, USA
[2021-07-05T18:48:00.000] Drop off (approx 5.12 mi)
[2021-07-05T18:48:00.000] 8980 E Speedway Blvd, Tucson, AZ 85710, USA
[2021-07-05T18:48:00.000] END BIGTEXT
[2021-07-05T18:48:00.000] OFFER             >>> $13.25
[2021-07-05T18:48:00.000] OFFER             >>> $13.25
[2021-07-05T18:48:00.000] DURATION          >>> 14.3 mins
[2021-07-05T18:48:00.000] DURATION          >>> 14.3 mins
[2021-07-05T18:48:00.000] DISTANCE          >>> 6.2 miles
[2021-07-05T18:48:00.000] ESTIMATED INDEX   >>> 46.0
[2021-07-05T18:48:00.000] DISTANCE          >>> 6.2 miles
[2021-07-05T18:48:00.000] ESTIMATED INDEX   >>> 46.0
[2021-07-05T18:49:00.000] >>> ACCEPTED
[2021-07-05T18:51:00.000] DRIVE TO STORE    >>> 2.8 mins
[2021-07-05T18:52:00.000] WAIT AT STORE     >>> 1.0 mins
[2021-07-05T18:52:00.000] WAIT AT STORE     >>> 1.0 mins
[2021-07-05T19:05:00.000] DRIVE TO CUSTOMER >>> 12.9 mins
[2021-07-05T19:05:00.000] ACTUAL DURATION   >>> 16.2 mins
[2021-07-05T19:05:00.000] BASE PAY          >>> $2.50
[2021-07-05T19:05:00.000] PEAK PAY          >>> $0.00
[2021-07-05T19:05:00.000] TIP               >>> $5.00
[2021-07-05T19:05:00.000] ACTUAL PAY        >>> $7.50
[2021-07-05T19:05:00.000] ACTUAL INDEX      >>> 27.7
[2021-07-05T19:05:00.000] >>> COMPLETE  
[2021-07-05T19:11:00.000] DRIVE TO CUSTOMER >>> 18.7 mins
[2021-07-05T19:11:00.000] ACTUAL DURATION   >>> 22.1 mins
[2021-07-05T19:11:00.000] BASE PAY          >>> $2.75
[2021-07-05T19:11:00.000] PEAK PAY          >>> $0.00
[2021-07-05T19:11:00.000] TIP               >>> $6.00
[2021-07-05T19:11:00.000] ACTUAL PAY        >>> $8.75
[2021-07-05T19:11:00.000] ACTUAL INDEX      >>> 23.8
[2021-07-05T19:11:00.000] >>> COMPLETE  
[2021-07-05T19:19:00.000] xxxxxxxxxxxxxxxxxxxxxxxxxxxxxxxxxxxxx
[2021-07-05T19:19:00.000] TITLE New Delivery!
[2021-07-05T19:19:00.000] El Pollo Loco
[2021-07-05T19:19:00.000] BEGIN BIGTEXT
[2021-07-05T19:19:00.000] New Order: Go to El Pollo Loco·10 items
[2021-07-05T19:19:00.000] Pick up (approx 0.89 mi)
[2021-07-05T19:19:00.000] 5601 E Broadway Blvd, Tucson, AZ 85711, USA
[2021-07-05T19:19:00.000] Drop off (approx 2.24 mi)
[2021-07-05T19:19:00.000] 1345 S Kolb Rd, Tucson, AZ 85710, USA
[2021-07-05T19:19:00.000] END BIGTEXT
[2021-07-05T19:19:00.000] OFFER             >>> $4.75
[2021-07-05T19:19:00.000] DURATION          >>> 11.1 mins
[2021-07-05T19:19:00.000] DISTANCE          >>> 4.5 miles
[2021-07-05T19:19:00.000] ESTIMATED INDEX   >>> 20.2
[2021-07-05T19:20:00.000] >>> DECLINED  
[2021-07-05T19:20:00.000] xxxxxxxxxxxxxxxxxxxxxxxxxxxxxxxxxxxxx
[2021-07-05T19:20:00.000] TITLE New Delivery!
[2021-07-05T19:20:00.000] Jason's Deli
[2021-07-05T19:20:00.000] BEGIN BIGTEXT
[2021-07-05T19:20:00.000] New Order: Go to Jason's Deli·6 items
[2021-07-05T19:20:00.000] Pick up (approx 0.10 mi)
[2021-07-05T19:20:00.000] 6061 E Broadway Blvd, Tucson, AZ 85711, USA
[2021-07-05T19:20:00.000] Drop off (approx 7.79 mi)
[2021-07-05T19:20:00.000] 1429 W Calle Plomo, Tucson, AZ 85745, USA
[2021-07-05T19:20:00.000] END BIGTEXT
[2021-07-05T19:20:00.000] OFFER             >>> $11.00
[2021-07-05T19:20:00.000] DURATION          >>> 22.5 mins
[2021-07-05T19:20:00.000] DISTANCE          >>> 8.8 miles
[2021-07-05T19:20:00.000] ESTIMATED INDEX   >>> 25.9
[2021-07-05T19:20:00.000] >>> DECLINED  
[2021-07-05T19:21:00.000] xxxxxxxxxxxxxxxxxxxxxxxxxxxxxxxxxxxxx
[2021-07-05T19:21:00.000] TITLE New Delivery!
[2021-07-05T19:21:00.000] Chili's Grill & Bar
[2021-07-05T19:21:00.000] BEGIN BIGTEXT
[2021-07-05T19:21:00.000] New Order: Go to Chili's Grill & Bar·1 item
[2021-07-05T19:21:00.000] Pick up (approx 1.02 mi)
[2021-07-05T19:21:00.000] 5150 E Broadway Blvd, Tucson, AZ 85711, USA
[2021-07-05T19:21:00.000] Drop off (approx 6.25 mi)
[2021-07-05T19:21:00.000] 3142 N Balboa Ave, Tucson, AZ 85705, USA
[2021-07-05T19:21:00.000] END BIGTEXT
[2021-07-05T19:21:00.000] OFFER             >>> $4.75
[2021-07-05T19:21:00.000] DURATION          >>> 22.3 mins
[2021-07-05T19:21:00.000] DISTANCE          >>> 9.8 miles
[2021-07-05T19:21:00.000] ESTIMATED INDEX   >>> 11.3
[2021-07-05T19:21:00.000] >>> DECLINED  
[2021-07-05T19:21:00.000] xxxxxxxxxxxxxxxxxxxxxxxxxxxxxxxxxxxxx
[2021-07-05T19:21:00.000] TITLE New Delivery!
[2021-07-05T19:21:00.000] Applebee's Grill + Bar
[2021-07-05T19:21:00.000] BEGIN BIGTEXT
[2021-07-05T19:21:00.000] New Order: Go to Applebee's Grill + Bar·1 item
[2021-07-05T19:21:00.000] Pick up (approx 0.16 mi)
[2021-07-05T19:21:00.000] 5860 E Broadway Blvd, Tucson, AZ 85711, USA
[2021-07-05T19:21:00.000] Drop off (approx 1.57 mi)
[2021-07-05T19:21:00.000] 6001 E Pima St, Tucson, AZ 85712, USA
[2021-07-05T19:21:00.000] END BIGTEXT
[2021-07-05T19:21:00.000] OFFER             >>> $7.00
[2021-07-05T19:21:00.000] DURATION          >>> 12.6 mins
[2021-07-05T19:21:00.000] DISTANCE          >>> 3.4 miles
[2021-07-05T19:21:00.000] ESTIMATED INDEX   >>> 26.9
[2021-07-05T19:22:00.000] >>> DECLINED  
[2021-07-05T19:23:00.000] xxxxxxxxxxxxxxxxxxxxxxxxxxxxxxxxxxxxx
[2021-07-05T19:23:00.000] TITLE New Delivery!
[2021-07-05T19:23:00.000] Pei Wei Asian Kitchen
[2021-07-05T19:23:00.000] BEGIN BIGTEXT
[2021-07-05T19:23:00.000] New Order: Go to Pei Wei Asian Kitchen·2 items
[2021-07-05T19:23:00.000] Pick up (approx 0.88 mi)
[2021-07-05T19:23:00.000] 5285 E Broadway Blvd, Tucson, AZ 85711, USA
[2021-07-05T19:23:00.000] Drop off (approx 3.13 mi)
[2021-07-05T19:23:00.000] 7730 E Broadway Blvd, Tucson, AZ 85710, USA
[2021-07-05T19:23:00.000] END BIGTEXT
[2021-07-05T19:23:00.000] OFFER             >>> $7.00
[2021-07-05T19:23:00.000] DURATION          >>> 12.2 mins
[2021-07-05T19:23:00.000] DISTANCE          >>> 4.4 miles
[2021-07-05T19:23:00.000] ESTIMATED INDEX   >>> 27.6
[2021-07-05T19:23:00.000] >>> DECLINED  
[2021-07-05T19:25:00.000] xxxxxxxxxxxxxxxxxxxxxxxxxxxxxxxxxxxxx
[2021-07-05T19:25:00.000] TITLE New Delivery!
[2021-07-05T19:25:00.000] Delicias de Michoacan
[2021-07-05T19:25:00.000] BEGIN BIGTEXT
[2021-07-05T19:25:00.000] New Order: Go to Delicias de Michoacan·1 item
[2021-07-05T19:25:00.000] Pick up (approx 1.49 mi)
[2021-07-05T19:25:00.000] 1608 S Craycroft Rd, Tucson, AZ 85711, USA
[2021-07-05T19:25:00.000] Drop off (approx 7.83 mi)
[2021-07-05T19:25:00.000] 5400 S Wembly Rd, Tucson, AZ 85746, USA
[2021-07-05T19:25:00.000] END BIGTEXT
[2021-07-05T19:25:00.000] OFFER             >>> $5.75
[2021-07-05T19:25:00.000] DURATION          >>> 24.1 mins
[2021-07-05T19:25:00.000] DISTANCE          >>> 14.4 miles
[2021-07-05T19:25:00.000] ESTIMATED INDEX   >>> 12.7
[2021-07-05T19:26:00.000] >>> DECLINED  
[2021-07-05T19:26:00.000] xxxxxxxxxxxxxxxxxxxxxxxxxxxxxxxxxxxxx
[2021-07-05T19:26:00.000] TITLE New Delivery!
[2021-07-05T19:26:00.000] Five Guys
[2021-07-05T19:26:00.000] BEGIN BIGTEXT
[2021-07-05T19:26:00.000] New Order: Go to Five Guys·2 items
[2021-07-05T19:26:00.000] Pick up (approx 0.52 mi)
[2021-07-05T19:26:00.000] 5566 E Broadway Blvd #100, Tucson, AZ 85711, USA
[2021-07-05T19:26:00.000] Drop off (approx 0.88 mi)
[2021-07-05T19:26:00.000] 6110 East 5th Street, Tucson, AZ 85711, USA
[2021-07-05T19:26:00.000] END BIGTEXT
[2021-07-05T19:26:00.000] OFFER             >>> $5.20
[2021-07-05T19:26:00.000] DURATION          >>> 6.0 mins
[2021-07-05T19:26:00.000] DISTANCE          >>> 1.9 miles
[2021-07-05T19:26:00.000] ESTIMATED INDEX   >>> 34.9
[2021-07-05T19:26:00.000] >>> DECLINED  
[2021-07-05T19:26:00.000] xxxxxxxxxxxxxxxxxxxxxxxxxxxxxxxxxxxxx
[2021-07-05T19:26:00.000] TITLE New Delivery!
[2021-07-05T19:26:00.000] Kneaders Bakery & Cafe
[2021-07-05T19:26:00.000] BEGIN BIGTEXT
[2021-07-05T19:26:00.000] New Order: Go to Kneaders Bakery & Cafe·3 items
[2021-07-05T19:26:00.000] Pick up (approx 0.41 mi)
[2021-07-05T19:26:00.000] 135 S Wilmot Rd, Tucson, AZ 85711, USA
[2021-07-05T19:26:00.000] Drop off (approx 7.07 mi)
[2021-07-05T19:26:00.000] 765 E Pastime Rd, Tucson, AZ 85719, USA
[2021-07-05T19:26:00.000] END BIGTEXT
[2021-07-05T19:26:00.000] OFFER             >>> $7.00
[2021-07-05T19:26:00.000] DURATION          >>> 25.2 mins
[2021-07-05T19:26:00.000] DISTANCE          >>> 10.5 miles
[2021-07-05T19:26:00.000] ESTIMATED INDEX   >>> 14.9
[2021-07-05T19:27:00.000] >>> DECLINED  
[2021-07-05T19:27:00.000] xxxxxxxxxxxxxxxxxxxxxxxxxxxxxxxxxxxxx
[2021-07-05T19:27:00.000] TITLE New Delivery!
[2021-07-05T19:27:00.000] Costa Vida
[2021-07-05T19:27:00.000] BEGIN BIGTEXT
[2021-07-05T19:27:00.000] New Order: Go to Costa Vida·2 items
[2021-07-05T19:27:00.000] Pick up (approx 0.43 mi)
[2021-07-05T19:27:00.000] 6307 E Broadway Blvd, Tucson, AZ 85710, USA
[2021-07-05T19:27:00.000] Drop off (approx 1.78 mi)
[2021-07-05T19:27:00.000] 7680 E Broadway Blvd, Tucson, AZ 85710, USA
[2021-07-05T19:27:00.000] END BIGTEXT
[2021-07-05T19:27:00.000] OFFER             >>> $7.00
[2021-07-05T19:27:00.000] DURATION          >>> 8.4 mins
[2021-07-05T19:27:00.000] DISTANCE          >>> 2.7 miles
[2021-07-05T19:27:00.000] ESTIMATED INDEX   >>> 36.8
[2021-07-05T19:27:00.000] >>> ACCEPTED
[2021-07-05T19:31:00.000] DRIVE TO STORE    >>> 3.6 mins
[2021-07-05T19:53:00.000] xxxxxxxxxxxxxxxxxxxxxxxxxxxxxxxxxxxxx
[2021-07-05T19:53:00.000] TITLE New Delivery!
[2021-07-05T19:53:00.000] Wendy's
[2021-07-05T19:53:00.000] BEGIN BIGTEXT
[2021-07-05T19:53:00.000] New Order: Go to Wendy's·5 items
[2021-07-05T19:53:00.000] Pick up (approx 0.97 mi)
[2021-07-05T19:53:00.000] 6961 E Broadway Blvd, Tucson, AZ 85710, USA
[2021-07-05T19:53:00.000] Drop off (approx 3.40 mi)
[2021-07-05T19:53:00.000] 9235 E Corte Arroyo Verde, Tucson, AZ 85710, USA
[2021-07-05T19:53:00.000] END BIGTEXT
[2021-07-05T19:53:00.000] OFFER             >>> $5.95
[2021-07-05T19:53:00.000] DURATION          >>> 15.7 mins
[2021-07-05T19:53:00.000] DISTANCE          >>> 5.8 miles
[2021-07-05T19:53:00.000] ESTIMATED INDEX   >>> 19.1
[2021-07-05T19:53:00.000] >>> DECLINED  
[2021-07-05T19:55:00.000] xxxxxxxxxxxxxxxxxxxxxxxxxxxxxxxxxxxxx
[2021-07-05T19:55:00.000] TITLE New Delivery!
[2021-07-05T19:55:00.000] 7-Eleven
[2021-07-05T19:55:00.000] BEGIN BIGTEXT
[2021-07-05T19:55:00.000] New Order: Go to 7-Eleven·4 items
[2021-07-05T19:55:00.000] Pick up (approx 0.42 mi)
[2021-07-05T19:55:00.000] 7084 E Broadway Blvd, Tucson, AZ 85710, USA
[2021-07-05T19:55:00.000] Drop off (approx 1.18 mi)
[2021-07-05T19:55:00.000] 6121 E Broadway Blvd, Tucson, AZ 85711, USA
[2021-07-05T19:55:00.000] END BIGTEXT
[2021-07-05T19:55:00.000] OFFER             >>> $5.95
[2021-07-05T19:55:00.000] DURATION          >>> 7.2 mins
[2021-07-05T19:55:00.000] DISTANCE          >>> 2.1 miles
[2021-07-05T19:55:00.000] ESTIMATED INDEX   >>> 35.0
[2021-07-05T19:56:00.000] xxxxxxxxxxxxxxxxxxxxxxxxxxxxxxxxxxxxx
[2021-07-05T19:56:00.000] TITLE New Delivery!
[2021-07-05T19:56:00.000] Costa Vida
[2021-07-05T19:56:00.000] BEGIN BIGTEXT
[2021-07-05T19:56:00.000] New Order: Go to Costa Vida·5 items
[2021-07-05T19:56:00.000] Pick up (approx 0.72 mi)
[2021-07-05T19:56:00.000] 6307 E Broadway Blvd, Tucson, AZ 85710, USA
[2021-07-05T19:56:00.000] Drop off (approx 3.74 mi)
[2021-07-05T19:56:00.000] 5755 E River Rd, Tucson, AZ 85750, USA
[2021-07-05T19:56:00.000] END BIGTEXT
[2021-07-05T19:56:00.000] OFFER             >>> $3.25
[2021-07-05T19:56:00.000] DURATION          >>> 12.7 mins
[2021-07-05T19:56:00.000] DISTANCE          >>> 5.9 miles
[2021-07-05T19:56:00.000] ESTIMATED INDEX   >>> 12.4
[2021-07-05T19:56:00.000] >>> DECLINED  
[2021-07-05T19:58:00.000] xxxxxxxxxxxxxxxxxxxxxxxxxxxxxxxxxxxxx
[2021-07-05T19:58:00.000] TITLE New Delivery!
[2021-07-05T19:58:00.000] Jersey Mike's Subs
[2021-07-05T19:58:00.000] BEGIN BIGTEXT
[2021-07-05T19:58:00.000] New Order: Go to Jersey Mike's Subs·6 items
[2021-07-05T19:58:00.000] Pick up (approx 0.51 mi)
[2021-07-05T19:58:00.000] 5720 E Broadway Blvd, Tucson, AZ 85711, USA
[2021-07-05T19:58:00.000] Drop off (approx 2.75 mi)
[2021-07-05T19:58:00.000] 6954 E Lurlene Dr, Tucson, AZ 85730, USA
[2021-07-05T19:58:00.000] END BIGTEXT
[2021-07-05T19:58:00.000] OFFER             >>> $7.25
[2021-07-05T19:58:00.000] DURATION          >>> 11.2 mins
[2021-07-05T19:58:00.000] DISTANCE          >>> 4.8 miles
[2021-07-05T19:58:00.000] ESTIMATED INDEX   >>> 30.7
[2021-07-05T19:58:00.000] >>> ACCEPTED
[2021-07-05T19:59:00.000] DRIVE TO STORE    >>> 1.2 mins
[2021-07-05T20:02:00.000] WAIT AT STORE     >>> 2.4 mins
[2021-07-05T20:10:00.000] xxxxxxxxxxxxxxxxxxxxxxxxxxxxxxxxxxxxx
[2021-07-05T20:10:00.000] TITLE New Delivery!
[2021-07-05T20:10:00.000] Panda Express
[2021-07-05T20:10:00.000] BEGIN BIGTEXT
[2021-07-05T20:10:00.000] New Order: Go to Panda Express·1 item
[2021-07-05T20:10:00.000] Pick up (approx 0.87 mi)
[2021-07-05T20:10:00.000] 6370 E Golf Links Rd, Tucson, AZ 85730, USA
[2021-07-05T20:10:00.000] Drop off (approx 5.85 mi)
[2021-07-05T20:10:00.000] 7391 S Bullrider Ave, Tucson, AZ 85747, USA
[2021-07-05T20:10:00.000] END BIGTEXT
[2021-07-05T20:10:00.000] OFFER             >>> $7.25
[2021-07-05T20:10:00.000] DURATION          >>> 17.8 mins
[2021-07-05T20:10:00.000] DISTANCE          >>> 8.7 miles
[2021-07-05T20:10:00.000] ESTIMATED INDEX   >>> 21.0
[2021-07-05T20:10:00.000] >>> DECLINED  
[2021-07-05T20:11:00.000] xxxxxxxxxxxxxxxxxxxxxxxxxxxxxxxxxxxxx
[2021-07-05T20:11:00.000] TITLE New Delivery!
[2021-07-05T20:11:00.000] Panda Express
[2021-07-05T20:11:00.000] BEGIN BIGTEXT
[2021-07-05T20:11:00.000] New Order: Go to Panda Express·5 items
[2021-07-05T20:11:00.000] Pick up (approx 0.77 mi)
[2021-07-05T20:11:00.000] 6370 E Golf Links Rd, Tucson, AZ 85730, USA
[2021-07-05T20:11:00.000] Drop off (approx 2.88 mi)
[2021-07-05T20:11:00.000] 4211 E 24th St, Tucson, AZ 85711, USA
[2021-07-05T20:11:00.000] END BIGTEXT
[2021-07-05T20:11:00.000] OFFER             >>> $7.25
[2021-07-05T20:11:00.000] DURATION          >>> 15.5 mins
[2021-07-05T20:11:00.000] DISTANCE          >>> 5.0 miles
[2021-07-05T20:11:00.000] ESTIMATED INDEX   >>> 23.5
[2021-07-05T20:11:00.000] >>> DECLINED  
[2021-07-05T20:14:00.000] xxxxxxxxxxxxxxxxxxxxxxxxxxxxxxxxxxxxx
[2021-07-05T20:14:00.000] TITLE New Delivery!
[2021-07-05T20:14:00.000] Popeyes
[2021-07-05T20:14:00.000] BEGIN BIGTEXT
[2021-07-05T20:14:00.000] New Order: Go to Popeyes·1 item
[2021-07-05T20:14:00.000] Pick up (approx 0.25 mi)
[2021-07-05T20:14:00.000] 7111 E 22nd St, Tucson, AZ 85710, USA
[2021-07-05T20:14:00.000] Drop off (approx 3.15 mi)
[2021-07-05T20:14:00.000] 624 N Loquat Ave, Tucson, AZ 85710, USA
[2021-07-05T20:14:00.000] END BIGTEXT
[2021-07-05T20:14:00.000] OFFER             >>> $6.00
[2021-07-05T20:14:00.000] DURATION          >>> 11.0 mins
[2021-07-05T20:14:00.000] DISTANCE          >>> 5.2 miles
[2021-07-05T20:14:00.000] ESTIMATED INDEX   >>> 25.8
[2021-07-05T20:15:00.000] >>> DECLINED  
[2021-07-05T20:15:00.000] xxxxxxxxxxxxxxxxxxxxxxxxxxxxxxxxxxxxx
[2021-07-05T20:15:00.000] TITLE New Delivery!
[2021-07-05T20:15:00.000] Wienerschnitzel
[2021-07-05T20:15:00.000] BEGIN BIGTEXT
[2021-07-05T20:15:00.000] New Order: Go to Wienerschnitzel·3 items
[2021-07-05T20:15:00.000] Pick up (approx 0.15 mi)
[2021-07-05T20:15:00.000] 1401 S Kolb Rd, Tucson, AZ 85710, USA
[2021-07-05T20:15:00.000] Drop off (approx 1.91 mi)
[2021-07-05T20:15:00.000] 3700 S Calle Polar, Tucson, AZ 85730, USA
[2021-07-05T20:15:00.000] END BIGTEXT
[2021-07-05T20:15:00.000] OFFER             >>> $6.00
[2021-07-05T20:15:00.000] DURATION          >>> 11.9 mins
[2021-07-05T20:15:00.000] DISTANCE          >>> 3.5 miles
[2021-07-05T20:15:00.000] ESTIMATED INDEX   >>> 24.2
[2021-07-05T20:15:00.000] >>> DECLINED  
[2021-07-05T20:16:00.000] xxxxxxxxxxxxxxxxxxxxxxxxxxxxxxxxxxxxx
[2021-07-05T20:16:00.000] TITLE New Delivery!
[2021-07-05T20:16:00.000] BrushFire BBQ
[2021-07-05T20:16:00.000] BEGIN BIGTEXT
[2021-07-05T20:16:00.000] New Order: Go to BrushFire BBQ·1 item
[2021-07-05T20:16:00.000] Pick up (approx 0.59 mi)
[2021-07-05T20:16:00.000] 7080 E 22nd St, Tucson, AZ 85710, USA
[2021-07-05T20:16:00.000] Drop off (approx 3.12 mi)
[2021-07-05T20:16:00.000] 2050 N Pantano Rd, Tucson, AZ 85715, USA
[2021-07-05T20:16:00.000] END BIGTEXT
[2021-07-05T20:16:00.000] OFFER             >>> $6.00
[2021-07-05T20:16:00.000] DURATION          >>> 12.4 mins
[2021-07-05T20:16:00.000] DISTANCE          >>> 5.2 miles
[2021-07-05T20:16:00.000] ESTIMATED INDEX   >>> 23.4
[2021-07-05T20:16:00.000] >>> ACCEPTED
[2021-07-05T20:18:00.000] DRIVE TO STORE    >>> 2.5 mins
[2021-07-05T20:20:00.000] WAIT AT STORE     >>> 1.3 mins
[2021-07-05T20:31:00.000] DRIVE TO CUSTOMER >>> 11.1 mins
[2021-07-05T20:31:00.000] ACTUAL DURATION   >>> 15.0 mins
[2021-07-05T20:31:00.000] BASE PAY          >>> $3.00
[2021-07-05T20:31:00.000] PEAK PAY          >>> $0.00
[2021-07-05T20:31:00.000] TIP               >>> $4.00
[2021-07-05T20:31:00.000] ACTUAL PAY        >>> $7.00
[2021-07-05T20:31:00.000] ACTUAL INDEX      >>> 28.0
[2021-07-05T20:31:00.000] >>> COMPLETE  
[2021-07-05T20:31:00.000] xxxxxxxxxxxxxxxxxxxxxxxxxxxxxxxxxxxxx
[2021-07-05T20:31:00.000] TITLE New Delivery!
[2021-07-05T20:31:00.000] Panda Express
[2021-07-05T20:31:00.000] BEGIN BIGTEXT
[2021-07-05T20:31:00.000] New Order: Go to Panda Express·2 items
[2021-07-05T20:31:00.000] Pick up (approx 1.09 mi)
[2021-07-05T20:31:00.000] 7111 E Tanque Verde Rd, Tucson, AZ 85715, USA
[2021-07-05T20:31:00.000] Drop off (approx 5.11 mi)
[2021-07-05T20:31:00.000] 4500 E Sunrise Dr, Tucson, AZ 85718, USA
[2021-07-05T20:31:00.000] END BIGTEXT
[2021-07-05T20:31:00.000] OFFER             >>> $3.75
[2021-07-05T20:31:00.000] DURATION          >>> 18.5 mins
[2021-07-05T20:31:00.000] DISTANCE          >>> 9.0 miles
[2021-07-05T20:31:00.000] ESTIMATED INDEX   >>> 10.5
[2021-07-05T20:31:00.000] >>> DECLINED  
[2021-07-05T20:32:00.000] xxxxxxxxxxxxxxxxxxxxxxxxxxxxxxxxxxxxx
[2021-07-05T20:32:00.000] TITLE New Delivery!
[2021-07-05T20:32:00.000] Panda Express
[2021-07-05T20:32:00.000] BEGIN BIGTEXT
[2021-07-05T20:32:00.000] New Order: Go to Panda Express·2 items
[2021-07-05T20:32:00.000] Pick up (approx 1.02 mi)
[2021-07-05T20:32:00.000] 7111 E Tanque Verde Rd, Tucson, AZ 85715, USA
[2021-07-05T20:32:00.000] Drop off (approx 6.38 mi)
[2021-07-05T20:32:00.000] 11446 E Catalina Hwy, Tucson, AZ 85749, USA
[2021-07-05T20:32:00.000] END BIGTEXT
[2021-07-05T20:32:00.000] OFFER             >>> $9.25
[2021-07-05T20:32:00.000] DURATION          >>> 15.3 mins
[2021-07-05T20:32:00.000] DISTANCE          >>> 8.3 miles
[2021-07-05T20:32:00.000] ESTIMATED INDEX   >>> 30.3
[2021-07-05T20:32:00.000] >>> ACCEPTED
[2021-07-05T20:36:00.000] DRIVE TO STORE    >>> 4.1 mins
[2021-07-05T20:42:00.000] WAIT AT STORE     >>> 5.6 mins
[2021-07-05T20:54:00.000] DRIVE TO CUSTOMER >>> 12.4 mins
[2021-07-05T20:54:00.000] ACTUAL DURATION   >>> 22.0 mins
[2021-07-05T20:54:00.000] BASE PAY          >>> $3.25
[2021-07-05T20:54:00.000] PEAK PAY          >>> $0.00
[2021-07-05T20:54:00.000] TIP               >>> $6.00
[2021-07-05T20:54:00.000] ACTUAL PAY        >>> $9.25
[2021-07-05T20:54:00.000] ACTUAL INDEX      >>> 25.2
[2021-07-05T20:54:00.000] >>> COMPLETE  
[2021-07-05T20:56:00.000] xxxxxxxxxxxxxxxxxxxxxxxxxxxxxxxxxxxxx
[2021-07-05T20:56:00.000] TITLE New Delivery!
[2021-07-05T20:56:00.000] Nico's Mexican Food
[2021-07-05T20:56:00.000] BEGIN BIGTEXT
[2021-07-05T20:56:00.000] New Order: Go to Nico's Mexican Food·1 item
[2021-07-05T20:56:00.000] Pick up (approx 3.63 mi)
[2021-07-05T20:56:00.000] 4960 N Sabino Canyon Rd, Tucson, AZ 85750, USA
[2021-07-05T20:56:00.000] Drop off (approx 7.30 mi)
[2021-07-05T20:56:00.000] 4643 E Douglas St, Tucson, AZ 85711, USA
[2021-07-05T20:56:00.000] END BIGTEXT
[2021-07-05T20:56:00.000] OFFER             >>> $5.50
[2021-07-05T20:56:00.000] DURATION          >>> 30.0 mins
[2021-07-05T20:56:00.000] DISTANCE          >>> 18.2 miles
[2021-07-05T20:56:00.000] ESTIMATED INDEX   >>> 10.0
[2021-07-05T20:57:00.000] >>> DECLINED  
[2021-07-05T21:03:00.000] xxxxxxxxxxxxxxxxxxxxxxxxxxxxxxxxxxxxx
[2021-07-05T21:03:00.000] TITLE New Delivery!
[2021-07-05T21:03:00.000] Taco Giro
[2021-07-05T21:03:00.000] BEGIN BIGTEXT
[2021-07-05T21:03:00.000] New Order: Go to Taco Giro·1 item
[2021-07-05T21:03:00.000] Pick up (approx 0.28 mi)
[2021-07-05T21:03:00.000] 9165 E Tanque Verde Rd, Tucson, AZ 85749, USA
[2021-07-05T21:03:00.000] Drop off (approx 0.54 mi)
[2021-07-05T21:03:00.000] 8701 E Tanque Verde Rd, Tucson, AZ 85749, USA
[2021-07-05T21:03:00.000] END BIGTEXT
[2021-07-05T21:03:00.000] OFFER             >>> $5.50
[2021-07-05T21:03:00.000] DURATION          >>> 5.7 mins
[2021-07-05T21:03:00.000] DISTANCE          >>> 1.0 miles
[2021-07-05T21:03:00.000] ESTIMATED INDEX   >>> 37.9
[2021-07-05T21:04:00.000] >>> ACCEPTED
[2021-07-05T21:07:00.000] DRIVE TO STORE    >>> 2.8 mins
[2021-07-05T21:12:00.000] WAIT AT STORE     >>> 5.0 mins
[2021-07-05T21:15:00.000] DRIVE TO CUSTOMER >>> 3.9 mins
[2021-07-05T21:15:00.000] ACTUAL DURATION   >>> 11.6 mins
[2021-07-05T21:15:00.000] BASE PAY          >>> $3.00
[2021-07-05T21:15:00.000] PEAK PAY          >>> $1.00
[2021-07-05T21:15:00.000] TIP               >>> $4.00
[2021-07-05T21:15:00.000] ACTUAL PAY        >>> $8.00
[2021-07-05T21:15:00.000] ACTUAL INDEX      >>> 41.3
[2021-07-05T21:15:00.000] >>> COMPLETE  
[2021-07-05T21:22:00.000] xxxxxxxxxxxxxxxxxxxxxxxxxxxxxxxxxxxxx
[2021-07-05T21:22:00.000] TITLE New Delivery!
[2021-07-05T21:22:00.000] Riliberto's Fresh Mexican Food
[2021-07-05T21:22:00.000] BEGIN BIGTEXT
[2021-07-05T21:22:00.000] New Order: Go to Riliberto's Fresh Mexican Food·2 items
[2021-07-05T21:22:00.000] Pick up (approx 1.23 mi)
[2021-07-05T21:22:00.000] 5524 E Grant Rd, Tucson, AZ 85712, USA
[2021-07-05T21:22:00.000] Drop off (approx 3.21 mi)
[2021-07-05T21:22:00.000] 4040 E 17th St, Tucson, AZ 85711, USA
[2021-07-05T21:22:00.000] END BIGTEXT
[2021-07-05T21:22:00.000] OFFER             >>> $8.00
[2021-07-05T21:22:00.000] DURATION          >>> 15.6 mins
[2021-07-05T21:22:00.000] DISTANCE          >>> 6.7 miles
[2021-07-05T21:22:00.000] ESTIMATED INDEX   >>> 25.8
[2021-07-05T21:22:00.000] >>> DECLINED  
[2021-07-05T21:32:00.000] xxxxxxxxxxxxxxxxxxxxxxxxxxxxxxxxxxxxx
[2021-07-05T21:32:00.000] TITLE New Delivery!
[2021-07-05T21:32:00.000] Applebee's Grill + Bar
[2021-07-05T21:32:00.000] BEGIN BIGTEXT
[2021-07-05T21:32:00.000] New Order: Go to Applebee's Grill + Bar·3 items
[2021-07-05T21:32:00.000] Pick up (approx 0.39 mi)
[2021-07-05T21:32:00.000] 5860 E Broadway Blvd, Tucson, AZ 85711, USA
[2021-07-05T21:32:00.000] Drop off (approx 8.00 mi)
[2021-07-05T21:32:00.000] 6619 E Bambino Rd, Tucson, AZ 85756, USA
[2021-07-05T21:32:00.000] END BIGTEXT
[2021-07-05T21:32:00.000] OFFER             >>> $6.00
[2021-07-05T21:32:00.000] DURATION          >>> 22.6 mins
[2021-07-05T21:32:00.000] DISTANCE          >>> 11.7 miles
[2021-07-05T21:32:00.000] ESTIMATED INDEX   >>> 14.1
[2021-07-05T21:33:00.000] >>> DECLINED  
[2021-07-05T21:38:00.000] xxxxxxxxxxxxxxxxxxxxxxxxxxxxxxxxxxxxx
[2021-07-05T21:38:00.000] TITLE New Delivery!
[2021-07-05T21:38:00.000] Applebee's Grill + Bar
[2021-07-05T21:38:00.000] BEGIN BIGTEXT
[2021-07-05T21:38:00.000] New Order: Go to Applebee's Grill + Bar·1 item
[2021-07-05T21:38:00.000] Pick up (approx 0.39 mi)
[2021-07-05T21:38:00.000] 5860 E Broadway Blvd, Tucson, AZ 85711, USA
[2021-07-05T21:38:00.000] Drop off (approx 6.23 mi)
[2021-07-05T21:38:00.000] 4500 E Sunrise Dr, Tucson, AZ 85718, USA
[2021-07-05T21:38:00.000] END BIGTEXT
[2021-07-05T21:38:00.000] OFFER             >>> $10.74
[2021-07-05T21:38:00.000] DURATION          >>> 17.5 mins
[2021-07-05T21:38:00.000] DISTANCE          >>> 8.6 miles
[2021-07-05T21:38:00.000] ESTIMATED INDEX   >>> 31.4
[2021-07-05T21:44:00.000] WAIT AT STORE     >>> 2.0 mins
[2021-07-05T22:11:00.000] xxxxxxxxxxxxxxxxxxxxxxxxxxxxxxxxxxxxx
[2021-07-05T22:11:00.000] TITLE New Delivery!
[2021-07-05T22:11:00.000] Carl's Jr.
[2021-07-05T22:11:00.000] BEGIN BIGTEXT
[2021-07-05T22:11:00.000] New Order: Go to Carl's Jr.·1 item
[2021-07-05T22:11:00.000] Pick up (approx 0.49 mi)
[2021-07-05T22:11:00.000] 7805 E Broadway Blvd, Tucson, AZ 85710, USA
[2021-07-05T22:11:00.000] Drop off (approx 2.28 mi)
[2021-07-05T22:11:00.000] 2821 S Calle Yucatan, Tucson, AZ 85730, USA
[2021-07-05T22:11:00.000] END BIGTEXT
[2021-07-05T22:11:00.000] OFFER             >>> $7.00
[2021-07-05T22:11:00.000] DURATION          >>> 11.1 mins
[2021-07-05T22:11:00.000] DISTANCE          >>> 3.9 miles
[2021-07-05T22:11:00.000] ESTIMATED INDEX   >>> 29.8
[2021-07-05T22:12:00.000] >>> DECLINED  

  
