[2021-07-05 14:44] ---------------------- SHIFT START ----------------------
[2021-07-05 14:45] ---------------------- SHIFT START ----------------------
[2021-07-05 14:45] *-*-*-*-*-*-*-*-*-*-*-*-*-*-*-*-*-*-*-*-*-*-*-*-*-*-*-*-*
[2021-07-05 14:45] ---TITLE----- New Delivery!
[2021-07-05 14:45] ---TEXT------ New Order: Go to Delicias de Michoacan
[2021-07-05 14:45] ---BEGIN BIGTEXT---
[2021-07-05 14:45] New Order: Go to Delicias de Michoacan·3 items
[2021-07-05 14:45] Pick up (approx 1.62 mi)
[2021-07-05 14:45] 1608 S Craycroft Rd, Tucson, AZ 85711, USA
[2021-07-05 14:45] Drop off (approx 4.68 mi)
[2021-07-05 14:45] 5515 S Forgeus Ave, Tucson, AZ 85706, USA
[2021-07-05 14:45] ---END BIGTEXT---
[2021-07-05 14:45] OFFER             >>> $7.25
[2021-07-05 14:45] DURATION          >>> 18.9 mins
[2021-07-05 14:45] DISTANCE          >>> 9.4 miles
[2021-07-05 14:45] ESTIMATED INDEX   >>> 19.8
[2021-07-05 14:45] >>> DECLINED  
[2021-07-05 14:46] *-*-*-*-*-*-*-*-*-*-*-*-*-*-*-*-*-*-*-*-*-*-*-*-*-*-*-*-*
[2021-07-05 14:46] ---TITLE----- New Delivery!
[2021-07-05 14:46] ---TEXT------ New Order: Go to Brothers Noodles
[2021-07-05 14:46] ---BEGIN BIGTEXT---
[2021-07-05 14:46] New Order: Go to Brothers Noodles·2 items
[2021-07-05 14:46] Pick up (approx 1.38 mi)
[2021-07-05 14:46] 5605 E Speedway Blvd, Tucson, AZ 85712, USA
[2021-07-05 14:46] Drop off (approx 4.71 mi)
[2021-07-05 14:46] 624 N Loquat Ave, Tucson, AZ 85710, USA
[2021-07-05 14:46] ---END BIGTEXT---
[2021-07-05 14:46] OFFER             >>> $4.75
[2021-07-05 14:46] DURATION          >>> 19.9 mins
[2021-07-05 14:46] DISTANCE          >>> 7.8 miles
[2021-07-05 14:46] ESTIMATED INDEX   >>> 12.4
[2021-07-05 14:46] >>> DECLINED  
[2021-07-05 14:46] *-*-*-*-*-*-*-*-*-*-*-*-*-*-*-*-*-*-*-*-*-*-*-*-*-*-*-*-*
[2021-07-05 14:46] ---TITLE----- New Delivery!
[2021-07-05 14:46] ---TEXT------ New Order: Go to Chipotle
[2021-07-05 14:46] ---BEGIN BIGTEXT---
[2021-07-05 14:46] New Order: Go to Chipotle·1 item
[2021-07-05 14:46] Pick up (approx 0.30 mi)
[2021-07-05 14:46] 5870 E Broadway Blvd #3002, Tucson, AZ 85711, USA
[2021-07-05 14:46] Drop off (approx 0.42 mi)
[2021-07-05 14:46] 170 S Wilmot Rd, Tucson, AZ 85711, USA
[2021-07-05 14:46] ---END BIGTEXT---
[2021-07-05 14:46] OFFER             >>> $6.00
[2021-07-05 14:46] DURATION          >>> 5.0 mins
[2021-07-05 14:46] DISTANCE          >>> 1.1 miles
[2021-07-05 14:46] ESTIMATED INDEX   >>> 45.2
[2021-07-05 14:46] >>> ACCEPTED
[2021-07-05 14:48] DRIVE TO STORE    >>> 1.5 mins
[2021-07-05 14:49] *-*-*-*-*-*-*-*-*-*-*-*-*-*-*-*-*-*-*-*-*-*-*-*-*-*-*-*-*
[2021-07-05 14:49] ---TITLE----- New Delivery!
[2021-07-05 14:49] ---TEXT------ New Order: Go to Chipotle
[2021-07-05 14:49] ---BEGIN BIGTEXT---
[2021-07-05 14:49] New Order: Go to Chipotle·2 items
[2021-07-05 14:49] Pick up (approx 0.15 mi)
[2021-07-05 14:49] 5870 E Broadway Blvd #3002, Tucson, AZ 85711, USA
[2021-07-05 14:49] Drop off (approx 1.59 mi)
[2021-07-05 14:49] 4655 E 14th St, Tucson, AZ 85711, USA
[2021-07-05 14:49] ---END BIGTEXT---
[2021-07-05 14:49] OFFER             >>> $6.00
[2021-07-05 14:49] DURATION          >>> 8.3 mins
[2021-07-05 14:49] DISTANCE          >>> 2.3 miles
[2021-07-05 14:49] ESTIMATED INDEX   >>> 31.9
[2021-07-05 14:49] >>> DECLINED  
[2021-07-05 14:55] *-*-*-*-*-*-*-*-*-*-*-*-*-*-*-*-*-*-*-*-*-*-*-*-*-*-*-*-*
[2021-07-05 14:55] ---TITLE----- New Delivery!
[2021-07-05 14:55] ---TEXT------ New Order: Go to Beyond Bread
[2021-07-05 14:55] ---BEGIN BIGTEXT---
[2021-07-05 14:55] New Order: Go to Beyond Bread·2 items
[2021-07-05 14:55] Pick up (approx 1.11 mi)
[2021-07-05 14:55] 6260 E Speedway Blvd, Tucson, AZ 85712, USA
[2021-07-05 14:55] Drop off (approx 2.31 mi)
[2021-07-05 14:55] 5658 E 25th St, Tucson, AZ 85711, USA
[2021-07-05 14:55] ---END BIGTEXT---
[2021-07-05 14:55] OFFER             >>> $7.00
[2021-07-05 14:55] DURATION          >>> 13.3 mins
[2021-07-05 14:55] DISTANCE          >>> 4.6 miles
[2021-07-05 14:55] ESTIMATED INDEX   >>> 25.8
[2021-07-05 14:55] >>> ACCEPTED
[2021-07-05 15:01] DRIVE TO STORE    >>> 5.8 mins
[2021-07-05 15:02] WAIT AT STORE     >>> 1.6 mins
[2021-07-05 15:09] *-*-*-*-*-*-*-*-*-*-*-*-*-*-*-*-*-*-*-*-*-*-*-*-*-*-*-*-*
[2021-07-05 15:09] ---TITLE----- New Delivery!
[2021-07-05 15:09] ---TEXT------ New Order: Go to Great Wall China
[2021-07-05 15:09] ---BEGIN BIGTEXT---
[2021-07-05 15:09] New Order: Go to Great Wall China·1 item
[2021-07-05 15:09] Pick up (approx 0.77 mi)
[2021-07-05 15:09] 2445 S Craycroft Rd, Tucson, AZ 85711, USA
[2021-07-05 15:09] Drop off (approx 5.31 mi)
[2021-07-05 15:09] 1041 E Park Estates Cir, Tucson, AZ 85706, USA
[2021-07-05 15:09] ---END BIGTEXT---
[2021-07-05 15:09] OFFER             >>> $7.00
[2021-07-05 15:09] DURATION          >>> 18.0 mins
[2021-07-05 15:09] DISTANCE          >>> 8.5 miles
[2021-07-05 15:09] ESTIMATED INDEX   >>> 20.0
[2021-07-05 15:09] >>> DECLINED  
[2021-07-05 15:11] *-*-*-*-*-*-*-*-*-*-*-*-*-*-*-*-*-*-*-*-*-*-*-*-*-*-*-*-*
[2021-07-05 15:11] ---TITLE----- New Delivery!
[2021-07-05 15:11] ---TEXT------ New Order: Go to Great Wall China
[2021-07-05 15:11] ---BEGIN BIGTEXT---
[2021-07-05 15:11] New Order: Go to Great Wall China·8 items
[2021-07-05 15:11] Pick up (approx 0.69 mi)
[2021-07-05 15:11] 2445 S Craycroft Rd, Tucson, AZ 85711, USA
[2021-07-05 15:11] Drop off (approx 4.39 mi)
[2021-07-05 15:11] 6682 S Van Buren Ave, Tucson, AZ 85756, USA
[2021-07-05 15:11] ---END BIGTEXT---
[2021-07-05 15:11] OFFER             >>> $4.25
[2021-07-05 15:11] DURATION          >>> 17.3 mins
[2021-07-05 15:11] DISTANCE          >>> 9.1 miles
[2021-07-05 15:11] ESTIMATED INDEX   >>> 12.6
[2021-07-05 15:11] >>> DECLINED  
[2021-07-05 15:11] *-*-*-*-*-*-*-*-*-*-*-*-*-*-*-*-*-*-*-*-*-*-*-*-*-*-*-*-*
[2021-07-05 15:11] ---TITLE----- New Delivery!
[2021-07-05 15:11] ---TEXT------ New Order: Go to Chipotle
[2021-07-05 15:11] ---BEGIN BIGTEXT---
[2021-07-05 15:11] New Order: Go to Chipotle·2 items
[2021-07-05 15:11] Pick up (approx 1.08 mi)
[2021-07-05 15:11] 5870 E Broadway Blvd #3002, Tucson, AZ 85711, USA
[2021-07-05 15:11] Drop off (approx 1.85 mi)
[2021-07-05 15:11] 4874 E 28th St, Tucson, AZ 85711, USA
[2021-07-05 15:11] ---END BIGTEXT---
[2021-07-05 15:11] OFFER             >>> $6.25
[2021-07-05 15:11] DURATION          >>> 14.0 mins
[2021-07-05 15:11] DISTANCE          >>> 5.6 miles
[2021-07-05 15:11] ESTIMATED INDEX   >>> 22.0
[2021-07-05 15:11] >>> ACCEPTED
[2021-07-05 15:16] DRIVE TO STORE    >>> 5.2 mins
[2021-07-05 15:16] WAIT AT STORE     >>> 1.0 mins
[2021-07-05 15:23] *-*-*-*-*-*-*-*-*-*-*-*-*-*-*-*-*-*-*-*-*-*-*-*-*-*-*-*-*
[2021-07-05 15:23] ---TITLE----- New Delivery!
[2021-07-05 15:23] ---TEXT------ New Order: Go to The Meltdown
[2021-07-05 15:23] ---BEGIN BIGTEXT---
[2021-07-05 15:23] New Order: Go to The Meltdown·2 items
[2021-07-05 15:23] Pick up (approx 1.19 mi)
[2021-07-05 15:23] 4040 E 22nd St, Tucson, AZ 85711, USA
[2021-07-05 15:23] Drop off (approx 2.27 mi)
[2021-07-05 15:23] 2019 E 36th St, Tucson, AZ 85713, USA
[2021-07-05 15:23] ---END BIGTEXT---
[2021-07-05 15:23] OFFER             >>> $6.25
[2021-07-05 15:23] DURATION          >>> 12.9 mins
[2021-07-05 15:23] DISTANCE          >>> 4.9 miles
[2021-07-05 15:23] ESTIMATED INDEX   >>> 23.6
[2021-07-05 15:23] >>> DECLINED  
[2021-07-05 15:27] *-*-*-*-*-*-*-*-*-*-*-*-*-*-*-*-*-*-*-*-*-*-*-*-*-*-*-*-*
[2021-07-05 15:27] ---TITLE----- New Delivery!
[2021-07-05 15:27] ---TEXT------ New Order: Go to BJ's Restaurant & Brewhouse
[2021-07-05 15:27] ---BEGIN BIGTEXT---
[2021-07-05 15:27] New Order: Go to BJ's Restaurant & Brewhouse·1 item
[2021-07-05 15:27] Pick up (approx 1.42 mi)
[2021-07-05 15:27] 5510 East Broadway Blvd., Tucson, AZ 85711
[2021-07-05 15:27] Drop off (approx 3.18 mi)
[2021-07-05 15:27] 3015 E 4th St, Tucson, AZ 85716, USA
[2021-07-05 15:27] ---END BIGTEXT---
[2021-07-05 15:27] OFFER             >>> $6.00
[2021-07-05 15:27] DURATION          >>> 12.7 mins
[2021-07-05 15:27] DISTANCE          >>> 5.4 miles
[2021-07-05 15:27] ESTIMATED INDEX   >>> 23.0
[2021-07-05 15:28] >>> ACCEPTED
[2021-07-05 15:31] DRIVE TO STORE    >>> 3.4 mins
[2021-07-05 15:32] WAIT AT STORE     >>> 1.4 mins
[2021-07-05 15:43] DRIVE TO CUSTOMER >>> 10.5 mins
[2021-07-05 15:43] ACTUAL DURATION   >>> 15.3 mins
[2021-07-05 15:43] BASE PAY          >>> $3.00
[2021-07-05 15:43] PEAK PAY          >>> $0.00
[2021-07-05 15:43] TIP               >>> $3.00
[2021-07-05 15:43] ACTUAL PAY        >>> $6.00
[2021-07-05 15:43] ACTUAL INDEX      >>> 23.6
[2021-07-05 15:43] >>> COMPLETE  
[2021-07-05 15:45] *-*-*-*-*-*-*-*-*-*-*-*-*-*-*-*-*-*-*-*-*-*-*-*-*-*-*-*-*
[2021-07-05 15:45] ---TITLE----- New Delivery!
[2021-07-05 15:45] ---TEXT------ New Order: Go to Walgreens
[2021-07-05 15:45] ---BEGIN BIGTEXT---
[2021-07-05 15:45] New Order: Go to Walgreens·4 items·RED CARD ORDER
[2021-07-05 15:45] Pick up (approx 2.09 mi)
[2021-07-05 15:45] 4700 E Broadway Blvd, Tucson, AZ 85711, USA
[2021-07-05 15:45] Drop off (approx 0.50 mi)
[2021-07-05 15:45] 5043 E Cecelia St, Tucson, AZ 85711, USA
[2021-07-05 15:45] ---END BIGTEXT---
[2021-07-05 15:45] OFFER             >>> $7.50
[2021-07-05 15:45] DURATION          >>> 8.0 mins
[2021-07-05 15:45] DISTANCE          >>> 3.2 miles
[2021-07-05 15:45] ESTIMATED INDEX   >>> 41.1
[2021-07-05 15:45] >>> DECLINED  
[2021-07-05 15:48] >>> PAUSED
[2021-07-05 15:56] >>> RESUMED
[2021-07-05 15:56] *-*-*-*-*-*-*-*-*-*-*-*-*-*-*-*-*-*-*-*-*-*-*-*-*-*-*-*-*
[2021-07-05 15:56] ---TITLE----- New Delivery!
[2021-07-05 15:56] ---TEXT------ New Order: Go to Smashburger
[2021-07-05 15:56] ---BEGIN BIGTEXT---
[2021-07-05 15:56] New Order: Go to Smashburger·2 items
[2021-07-05 15:56] Pick up (approx 0.56 mi)
[2021-07-05 15:56] 3837 E Broadway Blvd, Tucson, AZ 85716, USA
[2021-07-05 15:56] Drop off (approx 3.06 mi)
[2021-07-05 15:56] 2619 N Martin Ave, Tucson, AZ 85719, USA
[2021-07-05 15:56] ---END BIGTEXT---
[2021-07-05 15:57] OFFER             >>> $5.00
[2021-07-05 15:57] DURATION          >>> 15.8 mins
[2021-07-05 15:57] DISTANCE          >>> 5.2 miles
[2021-07-05 15:57] ESTIMATED INDEX   >>> 16.0
[2021-07-05 15:57] >>> DECLINED  
[2021-07-05 15:57] *-*-*-*-*-*-*-*-*-*-*-*-*-*-*-*-*-*-*-*-*-*-*-*-*-*-*-*-*
[2021-07-05 15:57] ---TITLE----- New Delivery!
[2021-07-05 15:57] ---TEXT------ New Order: Go to Riliberto's Fresh Mexican Food
[2021-07-05 15:57] ---BEGIN BIGTEXT---
[2021-07-05 15:57] New Order: Go to Riliberto's Fresh Mexican Food·3 items
[2021-07-05 15:57] Pick up (approx 1.45 mi)
[2021-07-05 15:57] 4352 E Speedway Blvd, Tucson, AZ 85712, USA
[2021-07-05 15:57] Drop off (approx 5.38 mi)
[2021-07-05 15:57] 333 W Roger Rd, Tucson, AZ 85705, USA
[2021-07-05 15:57] ---END BIGTEXT---
[2021-07-05 15:57] OFFER             >>> $4.00
[2021-07-05 15:57] DURATION          >>> 23.6 mins
[2021-07-05 15:57] DISTANCE          >>> 10.0 miles
[2021-07-05 15:57] ESTIMATED INDEX   >>> 9.0
[2021-07-05 15:57] >>> DECLINED  
[2021-07-05 15:58] *-*-*-*-*-*-*-*-*-*-*-*-*-*-*-*-*-*-*-*-*-*-*-*-*-*-*-*-*
[2021-07-05 15:58] ---TITLE----- New Delivery!
[2021-07-05 15:58] ---TEXT------ New Order: Go to Chili's Grill & Bar
[2021-07-05 15:58] ---BEGIN BIGTEXT---
[2021-07-05 15:58] New Order: Go to Chili's Grill & Bar·4 items
[2021-07-05 15:58] Pick up (approx 2.12 mi)
[2021-07-05 15:58] 5150 E Broadway Blvd, Tucson, AZ 85711, USA
[2021-07-05 15:58] Drop off (approx 2.51 mi)
[2021-07-05 15:58] 4157 E Los Robles St, Tucson, AZ 85712, USA
[2021-07-05 15:58] ---END BIGTEXT---
[2021-07-05 15:58] *-*-*-*-*-*-*-*-*-*-*-*-*-*-*-*-*-*-*-*-*-*-*-*-*-*-*-*-*
[2021-07-05 15:58] ---TITLE----- New Delivery!
[2021-07-05 15:58] ---TEXT------ New Order: Go to Chili's Grill & Bar
[2021-07-05 15:58] ---BEGIN BIGTEXT---
[2021-07-05 15:58] New Order: Go to Chili's Grill & Bar·2 items
[2021-07-05 15:58] Pick up (approx 2.12 mi)
[2021-07-05 15:58] 5150 E Broadway Blvd, Tucson, AZ 85711, USA
[2021-07-05 15:58] Drop off (approx 6.24 mi)
[2021-07-05 15:58] 850 E Wetmore Rd, Tucson, AZ 85719, USA
[2021-07-05 15:58] ---END BIGTEXT---
[2021-07-05 15:58] OFFER             >>> $8.50
[2021-07-05 15:58] DURATION          >>> 15.4 mins
[2021-07-05 15:58] DISTANCE          >>> 5.8 miles
[2021-07-05 15:58] ESTIMATED INDEX   >>> 27.7
[2021-07-05 15:58] OFFER             >>> $8.50
[2021-07-05 15:58] DURATION          >>> 30.9 mins
[2021-07-05 15:58] DISTANCE          >>> 12.4 miles
[2021-07-05 15:58] ESTIMATED INDEX   >>> 15.0
[2021-07-05 15:58] >>> DECLINED  
[2021-07-05 16:00] *-*-*-*-*-*-*-*-*-*-*-*-*-*-*-*-*-*-*-*-*-*-*-*-*-*-*-*-*
[2021-07-05 16:00] ---TITLE----- New Delivery!
[2021-07-05 16:00] ---TEXT------ New Order: Go to Sushi Garden
[2021-07-05 16:00] ---BEGIN BIGTEXT---
[2021-07-05 16:00] New Order: Go to Sushi Garden·2 items
[2021-07-05 16:00] Pick up (approx 0.55 mi)
[2021-07-05 16:00] 3048 E Broadway Blvd, Tucson, AZ 85716, USA
[2021-07-05 16:00] Drop off (approx 7.89 mi)
[2021-07-05 16:00] 624 N Loquat Ave, Tucson, AZ 85710, USA
[2021-07-05 16:00] ---END BIGTEXT---
[2021-07-05 16:00] OFFER             >>> $6.75
[2021-07-05 16:00] DURATION          >>> 20.2 mins
[2021-07-05 16:00] DISTANCE          >>> 9.4 miles
[2021-07-05 16:00] ESTIMATED INDEX   >>> 17.5
[2021-07-05 16:00] >>> ACCEPTED
[2021-07-05 16:02] DRIVE TO STORE    >>> 2.1 mins
[2021-07-05 16:04] WAIT AT STORE     >>> 2.0 mins
[2021-07-05 16:28] *-*-*-*-*-*-*-*-*-*-*-*-*-*-*-*-*-*-*-*-*-*-*-*-*-*-*-*-*
[2021-07-05 16:28] ---TITLE----- New Delivery!
[2021-07-05 16:28] ---TEXT------ New Order: Go to McDonald's
[2021-07-05 16:28] ---BEGIN BIGTEXT---
[2021-07-05 16:28] New Order: Go to McDonald's·3 items
[2021-07-05 16:28] Pick up (approx 0.34 mi)
[2021-07-05 16:28] 8800 E Broadway Blvd, Tucson, AZ 85710, USA
[2021-07-05 16:28] Drop off (approx 0.97 mi)
[2021-07-05 16:28] 8161 E Kenyon Dr, Tucson, AZ 85710, USA
[2021-07-05 16:28] ---END BIGTEXT---
[2021-07-05 16:28] OFFER             >>> $7.00
[2021-07-05 16:28] DURATION          >>> 7.3 mins
[2021-07-05 16:28] DISTANCE          >>> 1.9 miles
[2021-07-05 16:28] ESTIMATED INDEX   >>> 40.8
[2021-07-05 16:28] >>> ACCEPTED
[2021-07-05 16:29] DRIVE TO STORE    >>> 1.0 mins
[2021-07-05 16:32] WAIT AT STORE     >>> 2.9 mins
[2021-07-05 16:37] DRIVE TO CUSTOMER >>> 5.2 mins
[2021-07-05 16:37] ACTUAL DURATION   >>> 9.1 mins
[2021-07-05 16:37] BASE PAY          >>> $3.00
[2021-07-05 16:37] PEAK PAY          >>> $0.00
[2021-07-05 16:37] TIP               >>> $5.00
[2021-07-05 16:37] ACTUAL PAY        >>> $8.00
[2021-07-05 16:37] ACTUAL INDEX      >>> 52.7
[2021-07-05 16:37] >>> COMPLETE  
[2021-07-05 16:43] *-*-*-*-*-*-*-*-*-*-*-*-*-*-*-*-*-*-*-*-*-*-*-*-*-*-*-*-*
[2021-07-05 16:43] ---TITLE----- New Delivery!
[2021-07-05 16:43] ---TEXT------ New Order: Go to The Meltdown
[2021-07-05 16:43] ---BEGIN BIGTEXT---
[2021-07-05 16:43] New Order: Go to The Meltdown·4 items
[2021-07-05 16:43] Pick up (approx 0.13 mi)
[2021-07-05 16:43] 6484 E Broadway Blvd, Tucson, AZ 85710, USA
[2021-07-05 16:43] Drop off (approx 5.55 mi)
[2021-07-05 16:43] 8067 E Shadow Canyon Rd, Tucson, AZ 85750, USA
[2021-07-05 16:43] ---END BIGTEXT---
[2021-07-05 16:43] OFFER             >>> $7.00
[2021-07-05 16:43] DURATION          >>> 16.1 mins
[2021-07-05 16:43] DISTANCE          >>> 7.0 miles
[2021-07-05 16:43] ESTIMATED INDEX   >>> 22.0
[2021-07-05 16:43] >>> ACCEPTED
[2021-07-05 16:46] DRIVE TO STORE    >>> 2.9 mins
[2021-07-05 16:49] WAIT AT STORE     >>> 2.9 mins
[2021-07-05 17:06] DRIVE TO CUSTOMER >>> 17.3 mins
[2021-07-05 17:06] ACTUAL DURATION   >>> 23.1 mins
[2021-07-05 17:06] BASE PAY          >>> $3.25
[2021-07-05 17:06] PEAK PAY          >>> $0.00
[2021-07-05 17:06] TIP               >>> $7.00
[2021-07-05 17:06] ACTUAL PAY        >>> $10.25
[2021-07-05 17:06] ACTUAL INDEX      >>> 26.6
[2021-07-05 17:06] >>> COMPLETE  
[2021-07-05 17:19] *-*-*-*-*-*-*-*-*-*-*-*-*-*-*-*-*-*-*-*-*-*-*-*-*-*-*-*-*
[2021-07-05 17:19] ---TITLE----- New Delivery!
[2021-07-05 17:19] ---TEXT------ New Order: Go to Freddy's Frozen Custard & Steakburgers
[2021-07-05 17:19] ---BEGIN BIGTEXT---
[2021-07-05 17:19] New Order: Go to Freddy's Frozen Custard & Steakburgers·2 items
[2021-07-05 17:19] Pick up (approx 0.30 mi)
[2021-07-05 17:19] 7120 E Broadway Blvd, Tucson, AZ 85710, USA
[2021-07-05 17:19] Drop off (approx 1.32 mi)
[2021-07-05 17:19] 7502 E 27th St, Tucson, AZ 85710, USA
[2021-07-05 17:19] ---END BIGTEXT---
[2021-07-05 17:19] OFFER             >>> $7.00
[2021-07-05 17:19] DURATION          >>> 7.2 mins
[2021-07-05 17:19] DISTANCE          >>> 2.0 miles
[2021-07-05 17:19] ESTIMATED INDEX   >>> 41.2
[2021-07-05 17:19] >>> ACCEPTED
[2021-07-05 17:22] DRIVE TO STORE    >>> 2.7 mins
[2021-07-05 17:27] *-*-*-*-*-*-*-*-*-*-*-*-*-*-*-*-*-*-*-*-*-*-*-*-*-*-*-*-*
[2021-07-05 17:27] ---TITLE----- New Delivery!
[2021-07-05 17:27] ---TEXT------ New Order: Go to BrushFire BBQ
[2021-07-05 17:27] ---BEGIN BIGTEXT---
[2021-07-05 17:27] New Order: Go to BrushFire BBQ·4 items
[2021-07-05 17:27] Pick up (approx 0.54 mi)
[2021-07-05 17:27] 7080 E 22nd St, Tucson, AZ 85710, USA
[2021-07-05 17:27] Drop off (approx 6.95 mi)
[2021-07-05 17:27] 7964 E Coronado Rd, Tucson, AZ 85750, USA
[2021-07-05 17:27] ---END BIGTEXT---
[2021-07-05 17:27] OFFER             >>> $7.00
[2021-07-05 17:27] DURATION          >>> 19.9 mins
[2021-07-05 17:27] DISTANCE          >>> 9.0 miles
[2021-07-05 17:27] ESTIMATED INDEX   >>> 18.4
[2021-07-05 17:33] WAIT AT STORE     >>> 1.0 mins
[2021-07-05 17:56] *-*-*-*-*-*-*-*-*-*-*-*-*-*-*-*-*-*-*-*-*-*-*-*-*-*-*-*-*
[2021-07-05 17:56] ---TITLE----- New Delivery!
[2021-07-05 17:56] ---TEXT------ New Order: Go to Filibertos Mexican Food
[2021-07-05 17:56] ---BEGIN BIGTEXT---
[2021-07-05 17:56] New Order: Go to Filibertos Mexican Food·4 items
[2021-07-05 17:56] Pick up (approx 0.61 mi)
[2021-07-05 17:56] 7031 E Tanque Verde Rd, Tucson, AZ 85715, USA
[2021-07-05 17:56] Drop off (approx 5.28 mi)
[2021-07-05 17:56] 3642 S Santee Ave, Tucson, AZ 85730, USA
[2021-07-05 17:56] ---END BIGTEXT---
[2021-07-05 17:56] OFFER             >>> $8.25
[2021-07-05 17:56] DURATION          >>> 18.0 mins
[2021-07-05 17:56] DISTANCE          >>> 8.1 miles
[2021-07-05 17:56] ESTIMATED INDEX   >>> 23.6
[2021-07-05 17:56] >>> ACCEPTED
[2021-07-05 17:57] DRIVE TO STORE    >>> 1.0 mins
[2021-07-05 18:02] WAIT AT STORE     >>> 5.1 mins
[2021-07-05 18:18] DRIVE TO CUSTOMER >>> 15.9 mins
[2021-07-05 18:18] ACTUAL DURATION   >>> 22.1 mins
[2021-07-05 18:18] BASE PAY          >>> $3.25
[2021-07-05 18:18] PEAK PAY          >>> $0.00
[2021-07-05 18:18] TIP               >>> $5.00
[2021-07-05 18:18] ACTUAL PAY        >>> $8.25
[2021-07-05 18:18] ACTUAL INDEX      >>> 22.4
[2021-07-05 18:18] >>> COMPLETE  
[2021-07-05 18:27] *-*-*-*-*-*-*-*-*-*-*-*-*-*-*-*-*-*-*-*-*-*-*-*-*-*-*-*-*
[2021-07-05 18:27] ---TITLE----- New Delivery!
[2021-07-05 18:27] ---TEXT------ New Order: Go to Freddy's Frozen Custard & Steakburgers
[2021-07-05 18:27] ---BEGIN BIGTEXT---
[2021-07-05 18:27] New Order: Go to Freddy's Frozen Custard & Steakburgers·2 items
[2021-07-05 18:27] Pick up (approx 1.06 mi)
[2021-07-05 18:27] 7120 E Broadway Blvd, Tucson, AZ 85710, USA
[2021-07-05 18:27] Drop off (approx 7.85 mi)
[2021-07-05 18:27] 5232 S Linnet Ave, Tucson, AZ 85706, USA
[2021-07-05 18:27] ---END BIGTEXT---
[2021-07-05 18:27] OFFER             >>> $7.75
[2021-07-05 18:27] DURATION          >>> 27.9 mins
[2021-07-05 18:27] DISTANCE          >>> 12.3 miles
[2021-07-05 18:27] ESTIMATED INDEX   >>> 15.1
[2021-07-05 18:27] >>> DECLINED  
[2021-07-05 18:30] *-*-*-*-*-*-*-*-*-*-*-*-*-*-*-*-*-*-*-*-*-*-*-*-*-*-*-*-*
[2021-07-05 18:30] ---TITLE----- New Delivery!
[2021-07-05 18:30] ---TEXT------ New Order: Go to Panera Bread
[2021-07-05 18:30] ---BEGIN BIGTEXT---
[2021-07-05 18:30] New Order: Go to Panera Bread·4 items
[2021-07-05 18:30] Pick up (approx 1.19 mi)
[2021-07-05 18:30] 6129 E Broadway Blvd, Tucson, AZ 85711, USA
[2021-07-05 18:30] Drop off (approx 9.42 mi)
[2021-07-05 18:30] 10233 E Canyon Meadow Dr, Tucson, AZ 85747, USA
[2021-07-05 18:30] ---END BIGTEXT---
[2021-07-05 18:30] OFFER             >>> $10.50
[2021-07-05 18:30] DURATION          >>> 27.9 mins
[2021-07-05 18:30] DISTANCE          >>> 13.7 miles
[2021-07-05 18:30] ESTIMATED INDEX   >>> 20.4
[2021-07-05 18:30] >>> DECLINED  
[2021-07-05 18:30] *-*-*-*-*-*-*-*-*-*-*-*-*-*-*-*-*-*-*-*-*-*-*-*-*-*-*-*-*
[2021-07-05 18:30] ---TITLE----- New Delivery!
[2021-07-05 18:30] ---TEXT------ New Order: Go to Taco Bell
[2021-07-05 18:30] ---BEGIN BIGTEXT---
[2021-07-05 18:30] New Order: Go to Taco Bell·8 items
[2021-07-05 18:30] Pick up (approx 2.04 mi)
[2021-07-05 18:30] 6616 E Grant Rd, Tucson, AZ 85715, USA
[2021-07-05 18:30] Drop off (approx 1.60 mi)
[2021-07-05 18:30] 1644 N Woodland Ave, Tucson, AZ 85712, USA
[2021-07-05 18:30] ---END BIGTEXT---
[2021-07-05 18:30] OFFER             >>> $3.50
[2021-07-05 18:30] DURATION          >>> 12.2 mins
[2021-07-05 18:30] DISTANCE          >>> 4.5 miles
[2021-07-05 18:30] ESTIMATED INDEX   >>> 13.9
[2021-07-05 18:30] >>> DECLINED  
[2021-07-05 18:31] *-*-*-*-*-*-*-*-*-*-*-*-*-*-*-*-*-*-*-*-*-*-*-*-*-*-*-*-*
[2021-07-05 18:31] ---TITLE----- New Delivery!
[2021-07-05 18:31] ---TEXT------ New Order: Go to Kneaders Bakery & Cafe
[2021-07-05 18:31] ---BEGIN BIGTEXT---
[2021-07-05 18:31] New Order: Go to Kneaders Bakery & Cafe·6 items
[2021-07-05 18:31] Pick up (approx 0.99 mi)
[2021-07-05 18:31] 135 S Wilmot Rd, Tucson, AZ 85711, USA
[2021-07-05 18:31] Drop off (approx 1.21 mi)
[2021-07-05 18:31] 6078 E Bellevue St, Tucson, AZ 85712, USA
[2021-07-05 18:31] ---END BIGTEXT---
[2021-07-05 18:31] OFFER             >>> $7.00
[2021-07-05 18:31] DURATION          >>> 10.2 mins
[2021-07-05 18:31] DISTANCE          >>> 3.0 miles
[2021-07-05 18:31] ESTIMATED INDEX   >>> 31.9
[2021-07-05 18:31] >>> ACCEPTED
[2021-07-05 18:33] DRIVE TO STORE    >>> 2.4 mins
[2021-07-05 18:42] WAIT AT STORE     >>> 8.5 mins
[2021-07-05 18:48] DRIVE TO CUSTOMER >>> 6.2 mins
[2021-07-05 18:48] ACTUAL DURATION   >>> 17.1 mins
[2021-07-05 18:48] BASE PAY          >>> $3.00
[2021-07-05 18:48] PEAK PAY          >>> $0.00
[2021-07-05 18:48] TIP               >>> $6.00
[2021-07-05 18:48] ACTUAL PAY        >>> $9.00
[2021-07-05 18:48] ACTUAL INDEX      >>> 31.5
[2021-07-05 18:48] >>> COMPLETE  
[2021-07-05 18:48] *-*-*-*-*-*-*-*-*-*-*-*-*-*-*-*-*-*-*-*-*-*-*-*-*-*-*-*-*
[2021-07-05 18:48] ---TITLE----- New Delivery!
[2021-07-05 18:48] ---TEXT------ New Order: Go to Oregano’s
[2021-07-05 18:48] ---BEGIN BIGTEXT---
[2021-07-05 18:48] New Order: Go to Oregano’s·2 items
[2021-07-05 18:48] Pick up (approx 1.42 mi)
[2021-07-05 18:48] 4900 E Speedway Blvd, Tucson, AZ 85711, USA
[2021-07-05 18:48] Drop off (approx 3.93 mi)
[2021-07-05 18:48] 2050 N Pantano Rd, Tucson, AZ 85715, USA
[2021-07-05 18:48] ---END BIGTEXT---
[2021-07-05 18:48] *-*-*-*-*-*-*-*-*-*-*-*-*-*-*-*-*-*-*-*-*-*-*-*-*-*-*-*-*
[2021-07-05 18:48] ---TITLE----- New Delivery!
[2021-07-05 18:48] ---TEXT------ New Order: Go to Oregano’s
[2021-07-05 18:48] ---BEGIN BIGTEXT---
[2021-07-05 18:48] New Order: Go to Oregano’s·1 item
[2021-07-05 18:48] Pick up (approx 1.42 mi)
[2021-07-05 18:48] 4900 E Speedway Blvd, Tucson, AZ 85711, USA
[2021-07-05 18:48] Drop off (approx 5.12 mi)
[2021-07-05 18:48] 8980 E Speedway Blvd, Tucson, AZ 85710, USA
[2021-07-05 18:48] ---END BIGTEXT---
[2021-07-05 18:48] OFFER             >>> $13.25
[2021-07-05 18:48] OFFER             >>> $13.25
[2021-07-05 18:48] DURATION          >>> 14.3 mins
[2021-07-05 18:48] DURATION          >>> 14.3 mins
[2021-07-05 18:48] DISTANCE          >>> 6.2 miles
[2021-07-05 18:48] ESTIMATED INDEX   >>> 46.0
[2021-07-05 18:48] DISTANCE          >>> 6.2 miles
[2021-07-05 18:48] ESTIMATED INDEX   >>> 46.0
[2021-07-05 18:49] >>> ACCEPTED
[2021-07-05 18:51] DRIVE TO STORE    >>> 2.8 mins
[2021-07-05 18:52] WAIT AT STORE     >>> 1.0 mins
[2021-07-05 18:52] WAIT AT STORE     >>> 1.0 mins
[2021-07-05 19:05] DRIVE TO CUSTOMER >>> 12.9 mins
[2021-07-05 19:05] ACTUAL DURATION   >>> 16.2 mins
[2021-07-05 19:05] BASE PAY          >>> $2.50
[2021-07-05 19:05] PEAK PAY          >>> $0.00
[2021-07-05 19:05] TIP               >>> $5.00
[2021-07-05 19:05] ACTUAL PAY        >>> $7.50
[2021-07-05 19:05] ACTUAL INDEX      >>> 27.7
[2021-07-05 19:05] >>> COMPLETE  
[2021-07-05 19:11] DRIVE TO CUSTOMER >>> 18.7 mins
[2021-07-05 19:11] ACTUAL DURATION   >>> 22.1 mins
[2021-07-05 19:11] BASE PAY          >>> $2.75
[2021-07-05 19:11] PEAK PAY          >>> $0.00
[2021-07-05 19:11] TIP               >>> $6.00
[2021-07-05 19:11] ACTUAL PAY        >>> $8.75
[2021-07-05 19:11] ACTUAL INDEX      >>> 23.8
[2021-07-05 19:11] >>> COMPLETE  
[2021-07-05 19:19] *-*-*-*-*-*-*-*-*-*-*-*-*-*-*-*-*-*-*-*-*-*-*-*-*-*-*-*-*
[2021-07-05 19:19] ---TITLE----- New Delivery!
[2021-07-05 19:19] ---TEXT------ New Order: Go to El Pollo Loco
[2021-07-05 19:19] ---BEGIN BIGTEXT---
[2021-07-05 19:19] New Order: Go to El Pollo Loco·10 items
[2021-07-05 19:19] Pick up (approx 0.89 mi)
[2021-07-05 19:19] 5601 E Broadway Blvd, Tucson, AZ 85711, USA
[2021-07-05 19:19] Drop off (approx 2.24 mi)
[2021-07-05 19:19] 1345 S Kolb Rd, Tucson, AZ 85710, USA
[2021-07-05 19:19] ---END BIGTEXT---
[2021-07-05 19:19] OFFER             >>> $4.75
[2021-07-05 19:19] DURATION          >>> 11.1 mins
[2021-07-05 19:19] DISTANCE          >>> 4.5 miles
[2021-07-05 19:19] ESTIMATED INDEX   >>> 20.2
[2021-07-05 19:20] >>> DECLINED  
[2021-07-05 19:20] *-*-*-*-*-*-*-*-*-*-*-*-*-*-*-*-*-*-*-*-*-*-*-*-*-*-*-*-*
[2021-07-05 19:20] ---TITLE----- New Delivery!
[2021-07-05 19:20] ---TEXT------ New Order: Go to Jason's Deli
[2021-07-05 19:20] ---BEGIN BIGTEXT---
[2021-07-05 19:20] New Order: Go to Jason's Deli·6 items
[2021-07-05 19:20] Pick up (approx 0.10 mi)
[2021-07-05 19:20] 6061 E Broadway Blvd, Tucson, AZ 85711, USA
[2021-07-05 19:20] Drop off (approx 7.79 mi)
[2021-07-05 19:20] 1429 W Calle Plomo, Tucson, AZ 85745, USA
[2021-07-05 19:20] ---END BIGTEXT---
[2021-07-05 19:20] OFFER             >>> $11.00
[2021-07-05 19:20] DURATION          >>> 22.5 mins
[2021-07-05 19:20] DISTANCE          >>> 8.8 miles
[2021-07-05 19:20] ESTIMATED INDEX   >>> 25.9
[2021-07-05 19:20] >>> DECLINED  
[2021-07-05 19:21] *-*-*-*-*-*-*-*-*-*-*-*-*-*-*-*-*-*-*-*-*-*-*-*-*-*-*-*-*
[2021-07-05 19:21] ---TITLE----- New Delivery!
[2021-07-05 19:21] ---TEXT------ New Order: Go to Chili's Grill & Bar
[2021-07-05 19:21] ---BEGIN BIGTEXT---
[2021-07-05 19:21] New Order: Go to Chili's Grill & Bar·1 item
[2021-07-05 19:21] Pick up (approx 1.02 mi)
[2021-07-05 19:21] 5150 E Broadway Blvd, Tucson, AZ 85711, USA
[2021-07-05 19:21] Drop off (approx 6.25 mi)
[2021-07-05 19:21] 3142 N Balboa Ave, Tucson, AZ 85705, USA
[2021-07-05 19:21] ---END BIGTEXT---
[2021-07-05 19:21] OFFER             >>> $4.75
[2021-07-05 19:21] DURATION          >>> 22.3 mins
[2021-07-05 19:21] DISTANCE          >>> 9.8 miles
[2021-07-05 19:21] ESTIMATED INDEX   >>> 11.3
[2021-07-05 19:21] >>> DECLINED  
[2021-07-05 19:21] *-*-*-*-*-*-*-*-*-*-*-*-*-*-*-*-*-*-*-*-*-*-*-*-*-*-*-*-*
[2021-07-05 19:21] ---TITLE----- New Delivery!
[2021-07-05 19:21] ---TEXT------ New Order: Go to Applebee's Grill + Bar
[2021-07-05 19:21] ---BEGIN BIGTEXT---
[2021-07-05 19:21] New Order: Go to Applebee's Grill + Bar·1 item
[2021-07-05 19:21] Pick up (approx 0.16 mi)
[2021-07-05 19:21] 5860 E Broadway Blvd, Tucson, AZ 85711, USA
[2021-07-05 19:21] Drop off (approx 1.57 mi)
[2021-07-05 19:21] 6001 E Pima St, Tucson, AZ 85712, USA
[2021-07-05 19:21] ---END BIGTEXT---
[2021-07-05 19:21] OFFER             >>> $7.00
[2021-07-05 19:21] DURATION          >>> 12.6 mins
[2021-07-05 19:21] DISTANCE          >>> 3.4 miles
[2021-07-05 19:21] ESTIMATED INDEX   >>> 26.9
[2021-07-05 19:22] >>> DECLINED  
[2021-07-05 19:23] *-*-*-*-*-*-*-*-*-*-*-*-*-*-*-*-*-*-*-*-*-*-*-*-*-*-*-*-*
[2021-07-05 19:23] ---TITLE----- New Delivery!
[2021-07-05 19:23] ---TEXT------ New Order: Go to Pei Wei Asian Kitchen
[2021-07-05 19:23] ---BEGIN BIGTEXT---
[2021-07-05 19:23] New Order: Go to Pei Wei Asian Kitchen·2 items
[2021-07-05 19:23] Pick up (approx 0.88 mi)
[2021-07-05 19:23] 5285 E Broadway Blvd, Tucson, AZ 85711, USA
[2021-07-05 19:23] Drop off (approx 3.13 mi)
[2021-07-05 19:23] 7730 E Broadway Blvd, Tucson, AZ 85710, USA
[2021-07-05 19:23] ---END BIGTEXT---
[2021-07-05 19:23] OFFER             >>> $7.00
[2021-07-05 19:23] DURATION          >>> 12.2 mins
[2021-07-05 19:23] DISTANCE          >>> 4.4 miles
[2021-07-05 19:23] ESTIMATED INDEX   >>> 27.6
[2021-07-05 19:23] >>> DECLINED  
[2021-07-05 19:25] *-*-*-*-*-*-*-*-*-*-*-*-*-*-*-*-*-*-*-*-*-*-*-*-*-*-*-*-*
[2021-07-05 19:25] ---TITLE----- New Delivery!
[2021-07-05 19:25] ---TEXT------ New Order: Go to Delicias de Michoacan
[2021-07-05 19:25] ---BEGIN BIGTEXT---
[2021-07-05 19:25] New Order: Go to Delicias de Michoacan·1 item
[2021-07-05 19:25] Pick up (approx 1.49 mi)
[2021-07-05 19:25] 1608 S Craycroft Rd, Tucson, AZ 85711, USA
[2021-07-05 19:25] Drop off (approx 7.83 mi)
[2021-07-05 19:25] 5400 S Wembly Rd, Tucson, AZ 85746, USA
[2021-07-05 19:25] ---END BIGTEXT---
[2021-07-05 19:25] OFFER             >>> $5.75
[2021-07-05 19:25] DURATION          >>> 24.1 mins
[2021-07-05 19:25] DISTANCE          >>> 14.4 miles
[2021-07-05 19:25] ESTIMATED INDEX   >>> 12.7
[2021-07-05 19:26] >>> DECLINED  
[2021-07-05 19:26] *-*-*-*-*-*-*-*-*-*-*-*-*-*-*-*-*-*-*-*-*-*-*-*-*-*-*-*-*
[2021-07-05 19:26] ---TITLE----- New Delivery!
[2021-07-05 19:26] ---TEXT------ New Order: Go to Five Guys
[2021-07-05 19:26] ---BEGIN BIGTEXT---
[2021-07-05 19:26] New Order: Go to Five Guys·2 items
[2021-07-05 19:26] Pick up (approx 0.52 mi)
[2021-07-05 19:26] 5566 E Broadway Blvd #100, Tucson, AZ 85711, USA
[2021-07-05 19:26] Drop off (approx 0.88 mi)
[2021-07-05 19:26] 6110 East 5th Street, Tucson, AZ 85711, USA
[2021-07-05 19:26] ---END BIGTEXT---
[2021-07-05 19:26] OFFER             >>> $5.20
[2021-07-05 19:26] DURATION          >>> 6.0 mins
[2021-07-05 19:26] DISTANCE          >>> 1.9 miles
[2021-07-05 19:26] ESTIMATED INDEX   >>> 34.9
[2021-07-05 19:26] >>> DECLINED  
[2021-07-05 19:26] *-*-*-*-*-*-*-*-*-*-*-*-*-*-*-*-*-*-*-*-*-*-*-*-*-*-*-*-*
[2021-07-05 19:26] ---TITLE----- New Delivery!
[2021-07-05 19:26] ---TEXT------ New Order: Go to Kneaders Bakery & Cafe
[2021-07-05 19:26] ---BEGIN BIGTEXT---
[2021-07-05 19:26] New Order: Go to Kneaders Bakery & Cafe·3 items
[2021-07-05 19:26] Pick up (approx 0.41 mi)
[2021-07-05 19:26] 135 S Wilmot Rd, Tucson, AZ 85711, USA
[2021-07-05 19:26] Drop off (approx 7.07 mi)
[2021-07-05 19:26] 765 E Pastime Rd, Tucson, AZ 85719, USA
[2021-07-05 19:26] ---END BIGTEXT---
[2021-07-05 19:26] OFFER             >>> $7.00
[2021-07-05 19:26] DURATION          >>> 25.2 mins
[2021-07-05 19:26] DISTANCE          >>> 10.5 miles
[2021-07-05 19:26] ESTIMATED INDEX   >>> 14.9
[2021-07-05 19:27] >>> DECLINED  
[2021-07-05 19:27] *-*-*-*-*-*-*-*-*-*-*-*-*-*-*-*-*-*-*-*-*-*-*-*-*-*-*-*-*
[2021-07-05 19:27] ---TITLE----- New Delivery!
[2021-07-05 19:27] ---TEXT------ New Order: Go to Costa Vida
[2021-07-05 19:27] ---BEGIN BIGTEXT---
[2021-07-05 19:27] New Order: Go to Costa Vida·2 items
[2021-07-05 19:27] Pick up (approx 0.43 mi)
[2021-07-05 19:27] 6307 E Broadway Blvd, Tucson, AZ 85710, USA
[2021-07-05 19:27] Drop off (approx 1.78 mi)
[2021-07-05 19:27] 7680 E Broadway Blvd, Tucson, AZ 85710, USA
[2021-07-05 19:27] ---END BIGTEXT---
[2021-07-05 19:27] OFFER             >>> $7.00
[2021-07-05 19:27] DURATION          >>> 8.4 mins
[2021-07-05 19:27] DISTANCE          >>> 2.7 miles
[2021-07-05 19:27] ESTIMATED INDEX   >>> 36.8
[2021-07-05 19:27] >>> ACCEPTED
[2021-07-05 19:31] DRIVE TO STORE    >>> 3.6 mins
[2021-07-05 19:53] *-*-*-*-*-*-*-*-*-*-*-*-*-*-*-*-*-*-*-*-*-*-*-*-*-*-*-*-*
[2021-07-05 19:53] ---TITLE----- New Delivery!
[2021-07-05 19:53] ---TEXT------ New Order: Go to Wendy's
[2021-07-05 19:53] ---BEGIN BIGTEXT---
[2021-07-05 19:53] New Order: Go to Wendy's·5 items
[2021-07-05 19:53] Pick up (approx 0.97 mi)
[2021-07-05 19:53] 6961 E Broadway Blvd, Tucson, AZ 85710, USA
[2021-07-05 19:53] Drop off (approx 3.40 mi)
[2021-07-05 19:53] 9235 E Corte Arroyo Verde, Tucson, AZ 85710, USA
[2021-07-05 19:53] ---END BIGTEXT---
[2021-07-05 19:53] OFFER             >>> $5.95
[2021-07-05 19:53] DURATION          >>> 15.7 mins
[2021-07-05 19:53] DISTANCE          >>> 5.8 miles
[2021-07-05 19:53] ESTIMATED INDEX   >>> 19.1
[2021-07-05 19:53] >>> DECLINED  
[2021-07-05 19:55] *-*-*-*-*-*-*-*-*-*-*-*-*-*-*-*-*-*-*-*-*-*-*-*-*-*-*-*-*
[2021-07-05 19:55] ---TITLE----- New Delivery!
[2021-07-05 19:55] ---TEXT------ New Order: Go to 7-Eleven
[2021-07-05 19:55] ---BEGIN BIGTEXT---
[2021-07-05 19:55] New Order: Go to 7-Eleven·4 items
[2021-07-05 19:55] Pick up (approx 0.42 mi)
[2021-07-05 19:55] 7084 E Broadway Blvd, Tucson, AZ 85710, USA
[2021-07-05 19:55] Drop off (approx 1.18 mi)
[2021-07-05 19:55] 6121 E Broadway Blvd, Tucson, AZ 85711, USA
[2021-07-05 19:55] ---END BIGTEXT---
[2021-07-05 19:55] OFFER             >>> $5.95
[2021-07-05 19:55] DURATION          >>> 7.2 mins
[2021-07-05 19:55] DISTANCE          >>> 2.1 miles
[2021-07-05 19:55] ESTIMATED INDEX   >>> 35.0
[2021-07-05 19:56] *-*-*-*-*-*-*-*-*-*-*-*-*-*-*-*-*-*-*-*-*-*-*-*-*-*-*-*-*
[2021-07-05 19:56] ---TITLE----- New Delivery!
[2021-07-05 19:56] ---TEXT------ New Order: Go to Costa Vida
[2021-07-05 19:56] ---BEGIN BIGTEXT---
[2021-07-05 19:56] New Order: Go to Costa Vida·5 items
[2021-07-05 19:56] Pick up (approx 0.72 mi)
[2021-07-05 19:56] 6307 E Broadway Blvd, Tucson, AZ 85710, USA
[2021-07-05 19:56] Drop off (approx 3.74 mi)
[2021-07-05 19:56] 5755 E River Rd, Tucson, AZ 85750, USA
[2021-07-05 19:56] ---END BIGTEXT---
[2021-07-05 19:56] OFFER             >>> $3.25
[2021-07-05 19:56] DURATION          >>> 12.7 mins
[2021-07-05 19:56] DISTANCE          >>> 5.9 miles
[2021-07-05 19:56] ESTIMATED INDEX   >>> 12.4
[2021-07-05 19:56] >>> DECLINED  
[2021-07-05 19:58] *-*-*-*-*-*-*-*-*-*-*-*-*-*-*-*-*-*-*-*-*-*-*-*-*-*-*-*-*
[2021-07-05 19:58] ---TITLE----- New Delivery!
[2021-07-05 19:58] ---TEXT------ New Order: Go to Jersey Mike's Subs
[2021-07-05 19:58] ---BEGIN BIGTEXT---
[2021-07-05 19:58] New Order: Go to Jersey Mike's Subs·6 items
[2021-07-05 19:58] Pick up (approx 0.51 mi)
[2021-07-05 19:58] 5720 E Broadway Blvd, Tucson, AZ 85711, USA
[2021-07-05 19:58] Drop off (approx 2.75 mi)
[2021-07-05 19:58] 6954 E Lurlene Dr, Tucson, AZ 85730, USA
[2021-07-05 19:58] ---END BIGTEXT---
[2021-07-05 19:58] OFFER             >>> $7.25
[2021-07-05 19:58] DURATION          >>> 11.2 mins
[2021-07-05 19:58] DISTANCE          >>> 4.8 miles
[2021-07-05 19:58] ESTIMATED INDEX   >>> 30.7
[2021-07-05 19:58] >>> ACCEPTED
[2021-07-05 19:59] DRIVE TO STORE    >>> 1.2 mins
[2021-07-05 20:02] WAIT AT STORE     >>> 2.4 mins
[2021-07-05 20:10] *-*-*-*-*-*-*-*-*-*-*-*-*-*-*-*-*-*-*-*-*-*-*-*-*-*-*-*-*
[2021-07-05 20:10] ---TITLE----- New Delivery!
[2021-07-05 20:10] ---TEXT------ New Order: Go to Panda Express
[2021-07-05 20:10] ---BEGIN BIGTEXT---
[2021-07-05 20:10] New Order: Go to Panda Express·1 item
[2021-07-05 20:10] Pick up (approx 0.87 mi)
[2021-07-05 20:10] 6370 E Golf Links Rd, Tucson, AZ 85730, USA
[2021-07-05 20:10] Drop off (approx 5.85 mi)
[2021-07-05 20:10] 7391 S Bullrider Ave, Tucson, AZ 85747, USA
[2021-07-05 20:10] ---END BIGTEXT---
[2021-07-05 20:10] OFFER             >>> $7.25
[2021-07-05 20:10] DURATION          >>> 17.8 mins
[2021-07-05 20:10] DISTANCE          >>> 8.7 miles
[2021-07-05 20:10] ESTIMATED INDEX   >>> 21.0
[2021-07-05 20:10] >>> DECLINED  
[2021-07-05 20:11] *-*-*-*-*-*-*-*-*-*-*-*-*-*-*-*-*-*-*-*-*-*-*-*-*-*-*-*-*
[2021-07-05 20:11] ---TITLE----- New Delivery!
[2021-07-05 20:11] ---TEXT------ New Order: Go to Panda Express
[2021-07-05 20:11] ---BEGIN BIGTEXT---
[2021-07-05 20:11] New Order: Go to Panda Express·5 items
[2021-07-05 20:11] Pick up (approx 0.77 mi)
[2021-07-05 20:11] 6370 E Golf Links Rd, Tucson, AZ 85730, USA
[2021-07-05 20:11] Drop off (approx 2.88 mi)
[2021-07-05 20:11] 4211 E 24th St, Tucson, AZ 85711, USA
[2021-07-05 20:11] ---END BIGTEXT---
[2021-07-05 20:11] OFFER             >>> $7.25
[2021-07-05 20:11] DURATION          >>> 15.5 mins
[2021-07-05 20:11] DISTANCE          >>> 5.0 miles
[2021-07-05 20:11] ESTIMATED INDEX   >>> 23.5
[2021-07-05 20:11] >>> DECLINED  
[2021-07-05 20:14] *-*-*-*-*-*-*-*-*-*-*-*-*-*-*-*-*-*-*-*-*-*-*-*-*-*-*-*-*
[2021-07-05 20:14] ---TITLE----- New Delivery!
[2021-07-05 20:14] ---TEXT------ New Order: Go to Popeyes
[2021-07-05 20:14] ---BEGIN BIGTEXT---
[2021-07-05 20:14] New Order: Go to Popeyes·1 item
[2021-07-05 20:14] Pick up (approx 0.25 mi)
[2021-07-05 20:14] 7111 E 22nd St, Tucson, AZ 85710, USA
[2021-07-05 20:14] Drop off (approx 3.15 mi)
[2021-07-05 20:14] 624 N Loquat Ave, Tucson, AZ 85710, USA
[2021-07-05 20:14] ---END BIGTEXT---
[2021-07-05 20:14] OFFER             >>> $6.00
[2021-07-05 20:14] DURATION          >>> 11.0 mins
[2021-07-05 20:14] DISTANCE          >>> 5.2 miles
[2021-07-05 20:14] ESTIMATED INDEX   >>> 25.8
[2021-07-05 20:15] >>> DECLINED  
[2021-07-05 20:15] *-*-*-*-*-*-*-*-*-*-*-*-*-*-*-*-*-*-*-*-*-*-*-*-*-*-*-*-*
[2021-07-05 20:15] ---TITLE----- New Delivery!
[2021-07-05 20:15] ---TEXT------ New Order: Go to Wienerschnitzel
[2021-07-05 20:15] ---BEGIN BIGTEXT---
[2021-07-05 20:15] New Order: Go to Wienerschnitzel·3 items
[2021-07-05 20:15] Pick up (approx 0.15 mi)
[2021-07-05 20:15] 1401 S Kolb Rd, Tucson, AZ 85710, USA
[2021-07-05 20:15] Drop off (approx 1.91 mi)
[2021-07-05 20:15] 3700 S Calle Polar, Tucson, AZ 85730, USA
[2021-07-05 20:15] ---END BIGTEXT---
[2021-07-05 20:15] OFFER             >>> $6.00
[2021-07-05 20:15] DURATION          >>> 11.9 mins
[2021-07-05 20:15] DISTANCE          >>> 3.5 miles
[2021-07-05 20:15] ESTIMATED INDEX   >>> 24.2
[2021-07-05 20:15] >>> DECLINED  
[2021-07-05 20:16] *-*-*-*-*-*-*-*-*-*-*-*-*-*-*-*-*-*-*-*-*-*-*-*-*-*-*-*-*
[2021-07-05 20:16] ---TITLE----- New Delivery!
[2021-07-05 20:16] ---TEXT------ New Order: Go to BrushFire BBQ
[2021-07-05 20:16] ---BEGIN BIGTEXT---
[2021-07-05 20:16] New Order: Go to BrushFire BBQ·1 item
[2021-07-05 20:16] Pick up (approx 0.59 mi)
[2021-07-05 20:16] 7080 E 22nd St, Tucson, AZ 85710, USA
[2021-07-05 20:16] Drop off (approx 3.12 mi)
[2021-07-05 20:16] 2050 N Pantano Rd, Tucson, AZ 85715, USA
[2021-07-05 20:16] ---END BIGTEXT---
[2021-07-05 20:16] OFFER             >>> $6.00
[2021-07-05 20:16] DURATION          >>> 12.4 mins
[2021-07-05 20:16] DISTANCE          >>> 5.2 miles
[2021-07-05 20:16] ESTIMATED INDEX   >>> 23.4
[2021-07-05 20:16] >>> ACCEPTED
[2021-07-05 20:18] DRIVE TO STORE    >>> 2.5 mins
[2021-07-05 20:20] WAIT AT STORE     >>> 1.3 mins
[2021-07-05 20:31] DRIVE TO CUSTOMER >>> 11.1 mins
[2021-07-05 20:31] ACTUAL DURATION   >>> 15.0 mins
[2021-07-05 20:31] BASE PAY          >>> $3.00
[2021-07-05 20:31] PEAK PAY          >>> $0.00
[2021-07-05 20:31] TIP               >>> $4.00
[2021-07-05 20:31] ACTUAL PAY        >>> $7.00
[2021-07-05 20:31] ACTUAL INDEX      >>> 28.0
[2021-07-05 20:31] >>> COMPLETE  
[2021-07-05 20:31] *-*-*-*-*-*-*-*-*-*-*-*-*-*-*-*-*-*-*-*-*-*-*-*-*-*-*-*-*
[2021-07-05 20:31] ---TITLE----- New Delivery!
[2021-07-05 20:31] ---TEXT------ New Order: Go to Panda Express
[2021-07-05 20:31] ---BEGIN BIGTEXT---
[2021-07-05 20:31] New Order: Go to Panda Express·2 items
[2021-07-05 20:31] Pick up (approx 1.09 mi)
[2021-07-05 20:31] 7111 E Tanque Verde Rd, Tucson, AZ 85715, USA
[2021-07-05 20:31] Drop off (approx 5.11 mi)
[2021-07-05 20:31] 4500 E Sunrise Dr, Tucson, AZ 85718, USA
[2021-07-05 20:31] ---END BIGTEXT---
[2021-07-05 20:31] OFFER             >>> $3.75
[2021-07-05 20:31] DURATION          >>> 18.5 mins
[2021-07-05 20:31] DISTANCE          >>> 9.0 miles
[2021-07-05 20:31] ESTIMATED INDEX   >>> 10.5
[2021-07-05 20:31] >>> DECLINED  
[2021-07-05 20:32] *-*-*-*-*-*-*-*-*-*-*-*-*-*-*-*-*-*-*-*-*-*-*-*-*-*-*-*-*
[2021-07-05 20:32] ---TITLE----- New Delivery!
[2021-07-05 20:32] ---TEXT------ New Order: Go to Panda Express
[2021-07-05 20:32] ---BEGIN BIGTEXT---
[2021-07-05 20:32] New Order: Go to Panda Express·2 items
[2021-07-05 20:32] Pick up (approx 1.02 mi)
[2021-07-05 20:32] 7111 E Tanque Verde Rd, Tucson, AZ 85715, USA
[2021-07-05 20:32] Drop off (approx 6.38 mi)
[2021-07-05 20:32] 11446 E Catalina Hwy, Tucson, AZ 85749, USA
[2021-07-05 20:32] ---END BIGTEXT---
[2021-07-05 20:32] OFFER             >>> $9.25
[2021-07-05 20:32] DURATION          >>> 15.3 mins
[2021-07-05 20:32] DISTANCE          >>> 8.3 miles
[2021-07-05 20:32] ESTIMATED INDEX   >>> 30.3
[2021-07-05 20:32] >>> ACCEPTED
[2021-07-05 20:36] DRIVE TO STORE    >>> 4.1 mins
[2021-07-05 20:42] WAIT AT STORE     >>> 5.6 mins
[2021-07-05 20:54] DRIVE TO CUSTOMER >>> 12.4 mins
[2021-07-05 20:54] ACTUAL DURATION   >>> 22.0 mins
[2021-07-05 20:54] BASE PAY          >>> $3.25
[2021-07-05 20:54] PEAK PAY          >>> $0.00
[2021-07-05 20:54] TIP               >>> $6.00
[2021-07-05 20:54] ACTUAL PAY        >>> $9.25
[2021-07-05 20:54] ACTUAL INDEX      >>> 25.2
[2021-07-05 20:54] >>> COMPLETE  
[2021-07-05 20:56] *-*-*-*-*-*-*-*-*-*-*-*-*-*-*-*-*-*-*-*-*-*-*-*-*-*-*-*-*
[2021-07-05 20:56] ---TITLE----- New Delivery!
[2021-07-05 20:56] ---TEXT------ New Order: Go to Nico's Mexican Food
[2021-07-05 20:56] ---BEGIN BIGTEXT---
[2021-07-05 20:56] New Order: Go to Nico's Mexican Food·1 item
[2021-07-05 20:56] Pick up (approx 3.63 mi)
[2021-07-05 20:56] 4960 N Sabino Canyon Rd, Tucson, AZ 85750, USA
[2021-07-05 20:56] Drop off (approx 7.30 mi)
[2021-07-05 20:56] 4643 E Douglas St, Tucson, AZ 85711, USA
[2021-07-05 20:56] ---END BIGTEXT---
[2021-07-05 20:56] OFFER             >>> $5.50
[2021-07-05 20:56] DURATION          >>> 30.0 mins
[2021-07-05 20:56] DISTANCE          >>> 18.2 miles
[2021-07-05 20:56] ESTIMATED INDEX   >>> 10.0
[2021-07-05 20:57] >>> DECLINED  
[2021-07-05 21:03] *-*-*-*-*-*-*-*-*-*-*-*-*-*-*-*-*-*-*-*-*-*-*-*-*-*-*-*-*
[2021-07-05 21:03] ---TITLE----- New Delivery!
[2021-07-05 21:03] ---TEXT------ New Order: Go to Taco Giro
[2021-07-05 21:03] ---BEGIN BIGTEXT---
[2021-07-05 21:03] New Order: Go to Taco Giro·1 item
[2021-07-05 21:03] Pick up (approx 0.28 mi)
[2021-07-05 21:03] 9165 E Tanque Verde Rd, Tucson, AZ 85749, USA
[2021-07-05 21:03] Drop off (approx 0.54 mi)
[2021-07-05 21:03] 8701 E Tanque Verde Rd, Tucson, AZ 85749, USA
[2021-07-05 21:03] ---END BIGTEXT---
[2021-07-05 21:03] OFFER             >>> $5.50
[2021-07-05 21:03] DURATION          >>> 5.7 mins
[2021-07-05 21:03] DISTANCE          >>> 1.0 miles
[2021-07-05 21:03] ESTIMATED INDEX   >>> 37.9
[2021-07-05 21:04] >>> ACCEPTED
[2021-07-05 21:07] DRIVE TO STORE    >>> 2.8 mins
[2021-07-05 21:12] WAIT AT STORE     >>> 5.0 mins
[2021-07-05 21:15] DRIVE TO CUSTOMER >>> 3.9 mins
[2021-07-05 21:15] ACTUAL DURATION   >>> 11.6 mins
[2021-07-05 21:15] BASE PAY          >>> $3.00
[2021-07-05 21:15] PEAK PAY          >>> $1.00
[2021-07-05 21:15] TIP               >>> $4.00
[2021-07-05 21:15] ACTUAL PAY        >>> $8.00
[2021-07-05 21:15] ACTUAL INDEX      >>> 41.3
[2021-07-05 21:15] >>> COMPLETE  
[2021-07-05 21:22] *-*-*-*-*-*-*-*-*-*-*-*-*-*-*-*-*-*-*-*-*-*-*-*-*-*-*-*-*
[2021-07-05 21:22] ---TITLE----- New Delivery!
[2021-07-05 21:22] ---TEXT------ New Order: Go to Riliberto's Fresh Mexican Food
[2021-07-05 21:22] ---BEGIN BIGTEXT---
[2021-07-05 21:22] New Order: Go to Riliberto's Fresh Mexican Food·2 items
[2021-07-05 21:22] Pick up (approx 1.23 mi)
[2021-07-05 21:22] 5524 E Grant Rd, Tucson, AZ 85712, USA
[2021-07-05 21:22] Drop off (approx 3.21 mi)
[2021-07-05 21:22] 4040 E 17th St, Tucson, AZ 85711, USA
[2021-07-05 21:22] ---END BIGTEXT---
[2021-07-05 21:22] OFFER             >>> $8.00
[2021-07-05 21:22] DURATION          >>> 15.6 mins
[2021-07-05 21:22] DISTANCE          >>> 6.7 miles
[2021-07-05 21:22] ESTIMATED INDEX   >>> 25.8
[2021-07-05 21:22] >>> DECLINED  
[2021-07-05 21:32] *-*-*-*-*-*-*-*-*-*-*-*-*-*-*-*-*-*-*-*-*-*-*-*-*-*-*-*-*
[2021-07-05 21:32] ---TITLE----- New Delivery!
[2021-07-05 21:32] ---TEXT------ New Order: Go to Applebee's Grill + Bar
[2021-07-05 21:32] ---BEGIN BIGTEXT---
[2021-07-05 21:32] New Order: Go to Applebee's Grill + Bar·3 items
[2021-07-05 21:32] Pick up (approx 0.39 mi)
[2021-07-05 21:32] 5860 E Broadway Blvd, Tucson, AZ 85711, USA
[2021-07-05 21:32] Drop off (approx 8.00 mi)
[2021-07-05 21:32] 6619 E Bambino Rd, Tucson, AZ 85756, USA
[2021-07-05 21:32] ---END BIGTEXT---
[2021-07-05 21:32] OFFER             >>> $6.00
[2021-07-05 21:32] DURATION          >>> 22.6 mins
[2021-07-05 21:32] DISTANCE          >>> 11.7 miles
[2021-07-05 21:32] ESTIMATED INDEX   >>> 14.1
[2021-07-05 21:33] >>> DECLINED  
[2021-07-05 21:38] *-*-*-*-*-*-*-*-*-*-*-*-*-*-*-*-*-*-*-*-*-*-*-*-*-*-*-*-*
[2021-07-05 21:38] ---TITLE----- New Delivery!
[2021-07-05 21:38] ---TEXT------ New Order: Go to Applebee's Grill + Bar
[2021-07-05 21:38] ---BEGIN BIGTEXT---
[2021-07-05 21:38] New Order: Go to Applebee's Grill + Bar·1 item
[2021-07-05 21:38] Pick up (approx 0.39 mi)
[2021-07-05 21:38] 5860 E Broadway Blvd, Tucson, AZ 85711, USA
[2021-07-05 21:38] Drop off (approx 6.23 mi)
[2021-07-05 21:38] 4500 E Sunrise Dr, Tucson, AZ 85718, USA
[2021-07-05 21:38] ---END BIGTEXT---
[2021-07-05 21:38] OFFER             >>> $10.74
[2021-07-05 21:38] DURATION          >>> 17.5 mins
[2021-07-05 21:38] DISTANCE          >>> 8.6 miles
[2021-07-05 21:38] ESTIMATED INDEX   >>> 31.4
[2021-07-05 21:44] WAIT AT STORE     >>> 2.0 mins
[2021-07-05 22:11] *-*-*-*-*-*-*-*-*-*-*-*-*-*-*-*-*-*-*-*-*-*-*-*-*-*-*-*-*
[2021-07-05 22:11] ---TITLE----- New Delivery!
[2021-07-05 22:11] ---TEXT------ New Order: Go to Carl's Jr.
[2021-07-05 22:11] ---BEGIN BIGTEXT---
[2021-07-05 22:11] New Order: Go to Carl's Jr.·1 item
[2021-07-05 22:11] Pick up (approx 0.49 mi)
[2021-07-05 22:11] 7805 E Broadway Blvd, Tucson, AZ 85710, USA
[2021-07-05 22:11] Drop off (approx 2.28 mi)
[2021-07-05 22:11] 2821 S Calle Yucatan, Tucson, AZ 85730, USA
[2021-07-05 22:11] ---END BIGTEXT---
[2021-07-05 22:11] OFFER             >>> $7.00
[2021-07-05 22:11] DURATION          >>> 11.1 mins
[2021-07-05 22:11] DISTANCE          >>> 3.9 miles
[2021-07-05 22:11] ESTIMATED INDEX   >>> 29.8
[2021-07-05 22:12] >>> DECLINED  
[2021-07-05 22:12] --------------------- SHIFT SUMMARY ---------------------
[2021-07-05 22:12] SHIFT LENGTH      >>> 7.4 hours
[2021-07-05 22:12] OFFERS            >>> 53
[2021-07-05 22:12] ACCEPTED          >>> 16
[2021-07-05 22:12] DECLINED          >>> 32
[2021-07-05 22:12] UNASSIGNED        >>> 0
[2021-07-05 22:12] ----------------------- SHIFT END -----------------------
[2021-07-05 23:58] ---------------------- SHIFT START ----------------------
[2021-07-05 23:58] *-*-*-*-*-*-*-*-*-*-*-*-*-*-*-*-*-*-*-*-*-*-*-*-*-*-*-*-*
[2021-07-05 23:58] ---TITLE----- New Delivery!
[2021-07-05 23:58] ---TEXT------ New Order: Go to Oreganos 642
[2021-07-05 23:58] ---BEGIN BIGTEXT---
[2021-07-05 23:58] New Order: Go to Oreganos·4 items
[2021-07-05 23:58] Pick up (approx 0.47 mi)
[2021-07-05 23:58] 4900 E Speedway Blvd, Tucson, AZ 85712
[2021-07-05 23:58] Drop off (approx 0.38 mi)
[2021-07-05 23:58] 3951 S Pantano Rd, Tucson, AZ 85730
[2021-07-05 23:58] ---END BIGTEXT---
[2021-07-05 23:58] OFFER              >>> $9.50
[2021-07-05 23:58] DURATION           >>> 41.8 mins
[2021-07-05 23:58] DISTANCE           >>> 25.8 miles
[2021-07-05 23:58] ESTIMATED INDEX    >>> 12.7
[2021-07-05 23:59] >>> DECLINED  
